TN:
SF:D:\project\card-niu\calf-ui\src\index.js
FN:13,install
FN:29,(anonymous_1)
FNF:2
FNH:0
FNDA:0,install
FNDA:0,(anonymous_1)
DA:1,0
DA:14,0
DA:15,0
DA:17,0
DA:18,0
DA:29,0
DA:30,0
DA:34,0
DA:41,0
LF:9
LH:0
BRDA:14,0,0,0
BRDA:14,0,1,0
BRDA:40,1,0,0
BRDA:40,1,1,0
BRF:4
BRH:0
end_of_record
TN:
SF:D:\project\card-niu\calf-ui\src\module.js
FNF:0
FNH:0
DA:1,0
DA:2,0
DA:3,0
DA:4,0
DA:5,0
DA:6,0
DA:7,0
DA:8,0
DA:9,0
LF:9
LH:0
BRF:0
BRH:0
end_of_record
TN:
SF:D:\project\card-niu\calf-ui\src\common\helpers\create-api-component.js
FN:4,createAPIComponent
FN:13,before
FN:13,open
FN:28,(anonymous_4)
FN:40,(anonymous_5)
FN:60,(anonymous_6)
FN:73,(anonymous_7)
FN:78,(anonymous_8)
FN:13,create
FN:114,beforeDestroy
FN:127,processProps
FN:134,(anonymous_12)
FN:147,(anonymous_13)
FN:149,(anonymous_14)
FN:154,(anonymous_15)
FN:162,processEvents
FN:167,(anonymous_17)
FN:177,cancelWatchProps
FNF:18
FNH:0
FNDA:0,createAPIComponent
FNDA:0,before
FNDA:0,open
FNDA:0,(anonymous_4)
FNDA:0,(anonymous_5)
FNDA:0,(anonymous_6)
FNDA:0,(anonymous_7)
FNDA:0,(anonymous_8)
FNDA:0,create
FNDA:0,beforeDestroy
FNDA:0,processProps
FNDA:0,(anonymous_12)
FNDA:0,(anonymous_13)
FNDA:0,(anonymous_14)
FNDA:0,(anonymous_15)
FNDA:0,processEvents
FNDA:0,(anonymous_17)
FNDA:0,cancelWatchProps
DA:1,0
DA:2,0
DA:9,0
DA:10,0
DA:11,0
DA:12,0
DA:13,0
DA:15,0
DA:18,0
DA:19,0
DA:20,0
DA:22,0
DA:23,0
DA:24,0
DA:25,0
DA:28,0
DA:29,0
DA:31,0
DA:32,0
DA:34,0
DA:35,0
DA:37,0
DA:38,0
DA:39,0
DA:40,0
DA:41,0
DA:43,0
DA:44,0
DA:48,0
DA:50,0
DA:57,0
DA:58,0
DA:60,0
DA:61,0
DA:62,0
DA:64,0
DA:65,0
DA:66,0
DA:67,0
DA:68,0
DA:69,0
DA:72,0
DA:73,0
DA:74,0
DA:75,0
DA:77,0
DA:78,0
DA:79,0
DA:80,0
DA:82,0
DA:83,0
DA:84,0
DA:87,0
DA:90,0
DA:91,0
DA:92,0
DA:94,0
DA:95,0
DA:96,0
DA:98,0
DA:99,0
DA:100,0
DA:104,0
DA:107,0
DA:108,0
DA:111,0
DA:112,0
DA:113,0
DA:114,0
DA:115,0
DA:116,0
DA:117,0
DA:119,0
DA:120,0
DA:122,0
DA:125,0
DA:128,0
DA:129,0
DA:130,0
DA:132,0
DA:133,0
DA:134,0
DA:135,0
DA:136,0
DA:138,0
DA:139,0
DA:140,0
DA:142,0
DA:145,0
DA:146,0
DA:148,0
DA:149,0
DA:150,0
DA:152,0
DA:155,0
DA:163,0
DA:164,0
DA:165,0
DA:167,0
DA:168,0
DA:169,0
DA:170,0
DA:172,0
DA:178,0
DA:179,0
DA:180,0
DA:185,0
LF:107
LH:0
BRDA:9,0,0,0
BRDA:9,0,1,0
BRDA:9,1,0,0
BRDA:9,1,1,0
BRDA:9,2,0,0
BRDA:9,2,1,0
BRDA:9,3,0,0
BRDA:9,3,1,0
BRDA:18,4,0,0
BRDA:18,4,1,0
BRDA:18,5,0,0
BRDA:18,5,1,0
BRDA:23,6,0,0
BRDA:23,6,1,0
BRDA:23,7,0,0
BRDA:23,7,1,0
BRDA:31,8,0,0
BRDA:31,8,1,0
BRDA:34,9,0,0
BRDA:34,9,1,0
BRDA:34,10,0,0
BRDA:34,10,1,0
BRDA:43,11,0,0
BRDA:43,11,1,0
BRDA:43,12,0,0
BRDA:43,12,1,0
BRDA:61,13,0,0
BRDA:61,13,1,0
BRDA:64,14,0,0
BRDA:64,14,1,0
BRDA:67,15,0,0
BRDA:67,15,1,0
BRDA:74,16,0,0
BRDA:74,16,1,0
BRDA:79,17,0,0
BRDA:79,17,1,0
BRDA:82,18,0,0
BRDA:82,18,1,0
BRDA:98,19,0,0
BRDA:98,19,1,0
BRDA:98,20,0,0
BRDA:98,20,1,0
BRDA:107,21,0,0
BRDA:107,21,1,0
BRDA:112,22,0,0
BRDA:112,22,1,0
BRDA:116,23,0,0
BRDA:116,23,1,0
BRDA:122,24,0,0
BRDA:122,24,1,0
BRDA:129,25,0,0
BRDA:129,25,1,0
BRDA:136,26,0,0
BRDA:136,26,1,0
BRDA:136,27,0,0
BRDA:136,27,1,0
BRDA:145,28,0,0
BRDA:145,28,1,0
BRDA:155,29,0,0
BRDA:155,29,1,0
BRDA:164,30,0,0
BRDA:164,30,1,0
BRDA:169,31,0,0
BRDA:169,31,1,0
BRDA:178,32,0,0
BRDA:178,32,1,0
BRF:66
BRH:0
end_of_record
TN:
SF:D:\project\card-niu\calf-ui\src\common\helpers\create-api.js
FN:4,createAPI
FNF:1
FNH:0
FNDA:0,createAPI
DA:1,0
DA:2,0
DA:5,0
DA:6,0
DA:7,0
DA:8,0
DA:9,0
DA:10,0
DA:11,0
DA:12,0
LF:10
LH:0
BRF:0
BRH:0
end_of_record
TN:
SF:D:\project\card-niu\calf-ui\src\common\helpers\debug.js
FN:1,warn
FNF:1
FNH:0
FNDA:0,warn
DA:1,0
DA:2,0
LF:2
LH:0
BRF:0
BRH:0
end_of_record
TN:
SF:D:\project\card-niu\calf-ui\src\common\helpers\dom.js
FN:3,hasClass
FN:8,addClass
FN:19,removeClass
FN:29,getData
FN:34,getRect
FN:43,(anonymous_5)
FN:67,prefixStyle
FN:83,getMatchedTarget
FN:94,dispatchEvent
FNF:9
FNH:0
FNDA:0,hasClass
FNDA:0,addClass
FNDA:0,removeClass
FNDA:0,getData
FNDA:0,getRect
FNDA:0,(anonymous_5)
FNDA:0,prefixStyle
FNDA:0,getMatchedTarget
FNDA:0,dispatchEvent
DA:1,0
DA:4,0
DA:5,0
DA:10,0
DA:14,0
DA:15,0
DA:16,0
DA:21,0
DA:25,0
DA:26,0
DA:30,0
DA:31,0
DA:35,0
DA:43,0
DA:45,0
DA:48,0
DA:49,0
DA:57,0
DA:58,0
DA:59,0
DA:69,0
DA:73,0
DA:74,0
DA:75,0
DA:77,0
DA:80,0
DA:84,0
DA:86,0
DA:87,0
DA:88,0
DA:91,0
DA:94,0
DA:95,0
DA:96,0
DA:97,0
LF:35
LH:0
BRDA:10,0,0,0
BRDA:21,1,0,0
BRDA:45,2,0,0
BRDA:58,3,0,0
BRDA:58,3,1,0
BRDA:69,4,0,0
BRDA:73,5,0,0
BRDA:73,5,1,0
BRDA:74,6,0,0
BRDA:74,6,1,0
BRDA:86,7,0,0
BRDA:86,7,1,0
BRDA:87,8,0,0
BRDA:87,8,1,0
BRDA:94,9,0,0
BRDA:94,9,1,0
BRDA:94,10,0,0
BRDA:94,10,1,0
BRDA:94,11,0,0
BRDA:94,11,1,0
BRDA:94,12,0,0
BRDA:94,12,1,0
BRDA:94,13,0,0
BRDA:94,13,1,0
BRF:24
BRH:0
end_of_record
TN:
SF:D:\project\card-niu\calf-ui\src\common\helpers\ease.js
FNF:0
FNH:0
DA:1,0
DA:2,0
DA:3,0
LF:3
LH:0
BRF:0
BRH:0
end_of_record
TN:
SF:D:\project\card-niu\calf-ui\src\common\helpers\env.js
FNF:0
FNH:0
DA:2,0
LF:1
LH:0
BRF:0
BRH:0
end_of_record
TN:
SF:D:\project\card-niu\calf-ui\src\common\helpers\instantiate-component.js
FN:1,instantiateComponent
FN:9,render
FN:20,init
FN:20,destroy
FN:30,(anonymous_5)
FN:38,(anonymous_6)
FNF:6
FNH:0
FNDA:0,instantiateComponent
FNDA:0,render
FNDA:0,init
FNDA:0,destroy
FNDA:0,(anonymous_5)
FNDA:0,(anonymous_6)
DA:2,0
DA:3,0
DA:5,0
DA:6,0
DA:9,0
DA:12,0
DA:13,0
DA:14,0
DA:18,0
DA:22,0
DA:25,0
DA:26,0
DA:30,0
DA:31,0
DA:32,0
DA:34,0
DA:35,0
DA:36,0
DA:37,0
DA:38,0
DA:39,0
DA:40,0
DA:42,0
LF:23
LH:0
BRDA:5,0,0,0
BRDA:5,0,1,0
BRDA:12,1,0,0
BRDA:12,1,1,0
BRDA:13,2,0,0
BRDA:13,2,1,0
BRDA:13,3,0,0
BRDA:13,3,1,0
BRDA:18,4,0,0
BRDA:18,4,1,0
BRF:10
BRH:0
end_of_record
TN:
SF:D:\project\card-niu\calf-ui\src\common\helpers\parse-render-data.js
FN:3,parseRenderData
FN:22,parseEvents
FN:24,(anonymous_3)
FNF:3
FNH:0
FNDA:0,parseRenderData
FNDA:0,parseEvents
FNDA:0,(anonymous_3)
DA:1,0
DA:3,0
DA:4,0
DA:5,0
DA:6,0
DA:7,0
DA:8,0
DA:9,0
DA:10,0
DA:11,0
DA:12,0
DA:16,0
DA:23,0
DA:24,0
DA:25,0
DA:27,0
LF:16
LH:0
BRDA:3,0,0,0
BRDA:3,0,1,0
BRDA:3,1,0,0
BRDA:3,1,1,0
BRDA:3,2,0,0
BRDA:3,2,1,0
BRDA:3,3,0,0
BRDA:3,3,1,0
BRDA:8,4,0,0
BRDA:8,4,1,0
BRDA:10,5,0,0
BRDA:10,5,1,0
BRF:12
BRH:0
end_of_record
TN:
SF:D:\project\card-niu\calf-ui\src\common\helpers\raf.js
FN:5,noop
FN:8,(anonymous_1)
FN:27,(anonymous_2)
FNF:3
FNH:0
FNDA:0,noop
FNDA:0,(anonymous_1)
FNDA:0,(anonymous_2)
DA:1,0
DA:3,0
DA:8,0
DA:13,0
DA:27,0
DA:32,0
LF:6
LH:0
BRDA:13,0,0,0
BRDA:32,1,0,0
BRF:2
BRH:0
end_of_record
TN:
SF:D:\project\card-niu\calf-ui\src\common\helpers\util.js
FN:1,findIndex
FN:19,deepAssign
FN:29,createAddAPI
FN:30,add
FN:40,toLocaleDateString
FN:50,_set
FN:50,string
FN:50,number
FN:50,boolean
FN:50,object
FN:71,resetTypeValue
FN:80,(anonymous_12)
FN:86,parallel
FN:93,(anonymous_14)
FN:94,(anonymous_15)
FN:105,cb2PromiseWithResolve
FN:109,(anonymous_17)
FN:110,cb
FN:124,later
FN:131,debounced
FN:142,(anonymous_22)
FN:150,(anonymous_23)
FNF:22
FNH:0
FNDA:0,findIndex
FNDA:0,deepAssign
FNDA:0,createAddAPI
FNDA:0,add
FNDA:0,toLocaleDateString
FNDA:0,_set
FNDA:0,string
FNDA:0,number
FNDA:0,boolean
FNDA:0,object
FNDA:0,resetTypeValue
FNDA:0,(anonymous_12)
FNDA:0,parallel
FNDA:0,(anonymous_14)
FNDA:0,(anonymous_15)
FNDA:0,cb2PromiseWithResolve
FNDA:0,(anonymous_17)
FNDA:0,cb
FNDA:0,later
FNDA:0,debounced
FNDA:0,(anonymous_22)
FNDA:0,(anonymous_23)
DA:2,0
DA:3,0
DA:20,0
DA:21,0
DA:22,0
DA:24,0
DA:30,0
DA:31,0
DA:32,0
DA:36,0
DA:41,0
DA:43,0
DA:44,0
DA:46,0
DA:50,0
DA:52,0
DA:55,0
DA:58,0
DA:61,0
DA:64,0
DA:65,0
DA:67,0
DA:72,0
DA:73,0
DA:75,0
DA:76,0
DA:77,0
DA:78,0
DA:80,0
DA:81,0
DA:87,0
DA:88,0
DA:89,0
DA:90,0
DA:91,0
DA:93,0
DA:94,0
DA:95,0
DA:96,0
DA:97,0
DA:99,0
DA:106,0
DA:107,0
DA:108,0
DA:109,0
DA:110,0
DA:111,0
DA:112,0
DA:115,0
DA:117,0
DA:121,0
DA:122,0
DA:124,0
DA:125,0
DA:126,0
DA:127,0
DA:131,0
DA:132,0
DA:133,0
DA:135,0
DA:136,0
DA:137,0
DA:138,0
DA:139,0
DA:142,0
DA:143,0
DA:147,0
DA:150,0
DA:151,0
DA:152,0
DA:155,0
LF:71
LH:0
BRDA:2,0,0,0
BRDA:2,0,1,0
BRDA:21,1,0,0
BRDA:21,1,1,0
BRDA:21,2,0,0
BRDA:21,2,1,0
BRDA:31,3,0,0
BRDA:31,3,1,0
BRDA:43,4,0,0
BRDA:43,4,1,0
BRDA:64,5,0,0
BRDA:64,5,1,0
BRDA:72,6,0,0
BRDA:72,6,1,0
BRDA:75,7,0,0
BRDA:75,7,1,0
BRDA:77,8,0,0
BRDA:77,8,1,0
BRDA:78,9,0,0
BRDA:78,9,1,0
BRDA:90,10,0,0
BRDA:90,10,1,0
BRDA:97,11,0,0
BRDA:97,11,1,0
BRDA:107,12,0,0
BRDA:107,12,1,0
BRDA:111,13,0,0
BRDA:111,13,1,0
BRDA:126,14,0,0
BRDA:126,14,1,0
BRDA:132,15,0,0
BRDA:132,15,1,0
BRDA:135,16,0,0
BRDA:135,16,1,0
BRDA:138,17,0,0
BRDA:138,17,1,0
BRF:36
BRH:0
end_of_record
TN:
SF:D:\project\card-niu\calf-ui\src\common\helpers\validator\messages.js
FN:12,findMessage
FN:30,addMessage
FNF:2
FNH:0
FNDA:0,findMessage
FNDA:0,addMessage
DA:1,0
DA:2,0
DA:3,0
DA:5,0
DA:7,0
DA:13,0
DA:14,0
DA:15,0
DA:17,0
DA:18,0
DA:20,0
DA:21,0
DA:23,0
DA:27,0
DA:28,0
DA:31,0
DA:32,0
DA:34,0
DA:39,0
LF:19
LH:0
BRDA:14,0,0,0
BRDA:14,0,1,0
BRDA:17,1,0,0
BRDA:17,1,1,0
BRDA:20,2,0,0
BRDA:20,2,1,0
BRDA:21,3,0,0
BRDA:21,3,1,0
BRDA:21,4,0,0
BRDA:21,4,1,0
BRDA:23,5,0,0
BRDA:23,5,1,0
BRDA:31,6,0,0
BRDA:31,6,1,0
BRF:14
BRH:0
end_of_record
TN:
SF:D:\project\card-niu\calf-ui\src\common\helpers\validator\rules.js
FN:5,required
FN:12,type
FN:15,min
FN:23,max
FN:31,len
FN:39,notWhitespace
FN:42,pattern
FN:45,custom
FNF:8
FNH:0
FNDA:0,required
FNDA:0,type
FNDA:0,min
FNDA:0,max
FNDA:0,len
FNDA:0,notWhitespace
FNDA:0,pattern
FNDA:0,custom
DA:1,0
DA:2,0
DA:4,0
DA:6,0
DA:7,0
DA:8,0
DA:10,0
DA:13,0
DA:16,0
DA:17,0
DA:18,0
DA:20,0
DA:24,0
DA:25,0
DA:26,0
DA:28,0
DA:32,0
DA:33,0
DA:34,0
DA:35,0
DA:37,0
DA:40,0
DA:43,0
DA:46,0
DA:50,0
LF:25
LH:0
BRDA:6,0,0,0
BRDA:6,0,1,0
BRDA:6,1,0,0
BRDA:6,1,1,0
BRDA:6,2,0,0
BRDA:6,2,1,0
BRDA:7,3,0,0
BRDA:7,3,1,0
BRDA:7,4,0,0
BRDA:7,4,1,0
BRDA:10,5,0,0
BRDA:10,5,1,0
BRDA:10,5,2,0
BRDA:13,6,0,0
BRDA:13,6,1,0
BRDA:16,7,0,0
BRDA:16,7,1,0
BRDA:17,8,0,0
BRDA:17,8,1,0
BRDA:17,9,0,0
BRDA:17,9,1,0
BRDA:24,10,0,0
BRDA:24,10,1,0
BRDA:25,11,0,0
BRDA:25,11,1,0
BRDA:25,12,0,0
BRDA:25,12,1,0
BRDA:32,13,0,0
BRDA:32,13,1,0
BRDA:34,14,0,0
BRDA:34,14,1,0
BRDA:35,15,0,0
BRDA:35,15,1,0
BRF:33
BRH:0
end_of_record
TN:
SF:D:\project\card-niu\calf-ui\src\common\helpers\validator\types.js
FN:3,string
FN:6,number
FN:9,array
FN:12,date
FN:15,email
FN:18,tel
FN:21,url
FNF:7
FNH:0
FNDA:0,string
FNDA:0,number
FNDA:0,array
FNDA:0,date
FNDA:0,email
FNDA:0,tel
FNDA:0,url
DA:1,0
DA:2,0
DA:4,0
DA:7,0
DA:10,0
DA:13,0
DA:16,0
DA:19,0
DA:22,0
DA:26,0
LF:10
LH:0
BRDA:16,0,0,0
BRDA:16,0,1,0
BRDA:19,1,0,0
BRDA:19,1,1,0
BRDA:22,2,0,0
BRDA:22,2,1,0
BRF:6
BRH:0
end_of_record
TN:
SF:D:\project\card-niu\calf-ui\src\common\helpers\validator\language\chinese.js
FNF:0
FNH:0
DA:1,0
LF:1
LH:0
BRF:0
BRH:0
end_of_record
TN:
SF:D:\project\card-niu\calf-ui\src\common\helpers\validator\language\english.js
FNF:0
FNH:0
DA:1,0
LF:1
LH:0
BRF:0
BRH:0
end_of_record
TN:
SF:D:\project\card-niu\calf-ui\src\common\lang\string.js
FN:2,camelize
FN:4,(anonymous_1)
FNF:2
FNH:0
FNDA:0,camelize
FNDA:0,(anonymous_1)
DA:1,0
DA:3,0
DA:4,0
DA:5,0
LF:4
LH:0
BRDA:5,0,0,0
BRDA:5,0,1,0
BRF:2
BRH:0
end_of_record
TN:
SF:D:\project\card-niu\calf-ui\src\common\mixins\basic-picker.js
FN:8,_default
FN:14,_default
FN:20,_default
FN:27,valueKey
FN:27,textKey
FN:35,data
FN:35,selectedIndex
FNF:7
FNH:0
FNDA:0,_default
FNDA:0,_default
FNDA:0,_default
FNDA:0,valueKey
FNDA:0,textKey
FNDA:0,data
FNDA:0,selectedIndex
DA:1,0
DA:11,0
DA:17,0
DA:23,0
DA:29,0
DA:32,0
DA:37,0
DA:40,0
LF:8
LH:0
BRDA:29,0,0,0
BRDA:29,0,1,0
BRDA:32,1,0,0
BRDA:32,1,1,0
BRF:4
BRH:0
end_of_record
TN:
SF:D:\project\card-niu\calf-ui\src\common\mixins\visibility.js
FN:3,data
FN:21,isVisible
FN:26,show
FN:26,hide
FN:3,mounted
FN:37,(anonymous_5)
FNF:6
FNH:0
FNDA:0,data
FNDA:0,isVisible
FNDA:0,show
FNDA:0,hide
FNDA:0,mounted
FNDA:0,(anonymous_5)
DA:1,0
DA:15,0
DA:23,0
DA:28,0
DA:31,0
DA:34,0
DA:35,0
DA:38,0
DA:39,0
DA:40,0
DA:41,0
LF:11
LH:0
BRDA:38,0,0,0
BRDA:38,0,1,0
BRDA:40,1,0,0
BRDA:40,1,1,0
BRF:4
BRH:0
end_of_record
TN:
SF:D:\project\card-niu\calf-ui\src\components\button\button.vue
FN:45,btnClass
FN:55,handleClick
FNF:2
FNH:0
FNDA:0,btnClass
FNDA:0,handleClick
DA:19,0
DA:46,0
DA:56,0
DA:57,0
DA:58,0
DA:59,0
DA:61,0
LF:7
LH:0
BRDA:56,0,0,0
BRDA:56,0,1,0
BRDA:56,1,0,0
BRDA:56,1,1,0
BRF:4
BRH:0
end_of_record
TN:
SF:D:\project\card-niu\calf-ui\src\components\checkbox\checkbox.vue
FN:11,data
FN:17,checkboxClass
FN:24,handleSelectCheckbox
FN:28,mounted
FNF:4
FNH:0
FNDA:0,data
FNDA:0,checkboxClass
FNDA:0,handleSelectCheckbox
FNDA:0,mounted
DA:8,0
DA:12,0
DA:18,0
DA:25,0
LF:4
LH:0
BRDA:18,0,0,0
BRDA:18,0,1,0
BRF:2
BRH:0
end_of_record
TN:
SF:D:\project\card-niu\calf-ui\src\components\dialog\dialog.vue
FN:70,hasTitle
FN:73,rootClass
FN:82,handleCancel
FN:86,handleConfirm
FN:90,handleMaskClick
FNF:5
FNH:0
FNDA:0,hasTitle
FNDA:0,rootClass
FNDA:0,handleCancel
FNDA:0,handleConfirm
FNDA:0,handleMaskClick
DA:24,0
DA:25,0
DA:26,0
DA:28,0
DA:29,0
DA:30,0
DA:71,0
DA:74,0
DA:75,0
DA:76,0
DA:78,0
DA:83,0
DA:84,0
DA:87,0
DA:88,0
DA:91,0
DA:92,0
LF:17
LH:0
BRDA:71,0,0,0
BRDA:71,0,1,0
BRDA:75,1,0,0
BRDA:75,1,1,0
BRDA:91,2,0,0
BRDA:91,2,1,0
BRF:6
BRH:0
end_of_record
TN:
SF:D:\project\card-niu\calf-ui\src\components\dialog\the-btns.vue
FN:44,mergeBtn
FN:54,data
FN:68,_default
FN:76,_default
FN:84,mergeConfirmBtn
FN:87,mergeCancelBtn
FN:92,handleCancel
FN:98,handleConfirm
FN:108,mounted
FNF:9
FNH:0
FNDA:0,mergeBtn
FNDA:0,data
FNDA:0,_default
FNDA:0,_default
FNDA:0,mergeConfirmBtn
FNDA:0,mergeCancelBtn
FNDA:0,handleCancel
FNDA:0,handleConfirm
FNDA:0,mounted
DA:32,0
DA:34,0
DA:39,0
DA:44,0
DA:45,0
DA:46,0
DA:50,0
DA:55,0
DA:69,0
DA:77,0
DA:85,0
DA:88,0
DA:93,0
DA:94,0
DA:96,0
DA:99,0
DA:100,0
DA:102,0
LF:18
LH:0
BRDA:45,0,0,0
BRDA:45,0,1,0
BRDA:93,1,0,0
BRDA:93,1,1,0
BRDA:99,2,0,0
BRDA:99,2,1,0
BRF:6
BRH:0
end_of_record
TN:
SF:D:\project\card-niu\calf-ui\src\components\input\input.vue
FN:20,data
FN:31,mounted
FNF:2
FNH:0
FNDA:0,data
FNDA:0,mounted
DA:17,0
DA:21,0
LF:2
LH:0
BRF:0
BRH:0
end_of_record
TN:
SF:D:\project\card-niu\calf-ui\src\components\loading\loading.vue
FN:16,target
FNF:1
FNH:0
FNDA:0,target
DA:6,0
DA:17,0
LF:2
LH:0
BRF:0
BRH:0
end_of_record
TN:
SF:D:\project\card-niu\calf-ui\src\components\popup\popup.vue
FN:37,rootClass
FN:42,handleMask
FNF:2
FNH:0
FNDA:0,rootClass
FNDA:0,handleMask
DA:15,0
DA:16,0
DA:17,0
DA:38,0
DA:43,0
LF:5
LH:0
BRF:0
BRH:0
end_of_record
TN:
SF:D:\project\card-niu\calf-ui\src\components\switch\switch.vue
FN:26,data
FN:32,value
FN:35,checkboxValue
FNF:3
FNH:0
FNDA:0,data
FNDA:0,value
FNDA:0,checkboxValue
DA:10,0
DA:12,0
DA:27,0
DA:33,0
DA:36,0
LF:5
LH:0
BRF:0
BRH:0
end_of_record
TN:
SF:D:\project\card-niu\calf-ui\src\components\textarea\textarea.vue
FN:23,data
FN:58,remain
FN:63,value
FN:66,textareaValue
FN:74,handleFocus
FN:79,handleBlur
FNF:6
FNH:0
FNDA:0,data
FNDA:0,remain
FNDA:0,value
FNDA:0,textareaValue
FNDA:0,handleFocus
FNDA:0,handleBlur
DA:18,0
DA:19,0
DA:24,0
DA:59,0
DA:64,0
DA:67,0
DA:68,0
DA:69,0
DA:75,0
DA:76,0
DA:77,0
DA:80,0
DA:81,0
DA:82,0
DA:84,0
LF:15
LH:0
BRDA:68,0,0,0
BRDA:68,0,1,0
BRDA:68,1,0,0
BRDA:68,1,1,0
BRDA:81,2,0,0
BRDA:81,2,1,0
BRF:6
BRH:0
end_of_record
TN:
SF:D:\project\card-niu\calf-ui\src\components\toast\toast.vue
FN:23,data
FN:40,isVisible
FN:47,close
FN:52,handleMaskClick
FN:56,initDurationEvent
FN:57,(anonymous_7)
FN:63,mounted
FNF:7
FNH:0
FNDA:0,data
FNDA:0,isVisible
FNDA:0,close
FNDA:0,handleMaskClick
FNDA:0,initDurationEvent
FNDA:0,(anonymous_7)
FNDA:0,mounted
DA:13,0
DA:14,0
DA:16,0
DA:17,0
DA:18,0
DA:24,0
DA:41,0
DA:42,0
DA:48,0
DA:49,0
DA:50,0
DA:53,0
DA:54,0
DA:56,0
DA:57,0
DA:58,0
LF:16
LH:0
BRDA:41,0,0,0
BRDA:41,0,1,0
BRDA:41,1,0,0
BRDA:41,1,1,0
BRF:4
BRH:0
end_of_record
TN:
SF:D:\project\card-niu\calf-ui\src\modules\button\index.js
FN:3,(anonymous_1)
FNF:1
FNH:0
FNDA:0,(anonymous_1)
DA:1,0
DA:4,0
LF:2
LH:0
BRF:0
BRH:0
end_of_record
TN:
SF:D:\project\card-niu\calf-ui\src\modules\checkbox\index.js
FN:3,(anonymous_1)
FNF:1
FNH:0
FNDA:0,(anonymous_1)
DA:1,0
DA:4,0
LF:2
LH:0
BRF:0
BRH:0
end_of_record
TN:
SF:D:\project\card-niu\calf-ui\src\modules\dialog\api.js
FN:3,addDialog
FNF:1
FNH:0
FNDA:0,addDialog
DA:1,0
DA:4,0
LF:2
LH:0
BRF:0
BRH:0
end_of_record
TN:
SF:D:\project\card-niu\calf-ui\src\modules\dialog\index.js
FN:4,(anonymous_1)
FNF:1
FNH:0
FNDA:0,(anonymous_1)
DA:1,0
DA:2,0
DA:5,0
DA:6,0
LF:4
LH:0
BRF:0
BRH:0
end_of_record
TN:
SF:D:\project\card-niu\calf-ui\src\modules\input\index.js
FN:3,(anonymous_1)
FNF:1
FNH:0
FNDA:0,(anonymous_1)
DA:1,0
DA:4,0
LF:2
LH:0
BRF:0
BRH:0
end_of_record
TN:
SF:D:\project\card-niu\calf-ui\src\modules\loading\index.js
FN:3,(anonymous_1)
FNF:1
FNH:0
FNDA:0,(anonymous_1)
DA:1,0
DA:4,0
LF:2
LH:0
BRF:0
BRH:0
end_of_record
TN:
SF:D:\project\card-niu\calf-ui\src\modules\popup\api.js
FN:3,addPopup
FNF:1
FNH:0
FNDA:0,addPopup
DA:1,0
DA:4,0
LF:2
LH:0
BRF:0
BRH:0
end_of_record
TN:
SF:D:\project\card-niu\calf-ui\src\modules\popup\index.js
FN:4,(anonymous_1)
FNF:1
FNH:0
FNDA:0,(anonymous_1)
DA:1,0
DA:2,0
DA:5,0
DA:6,0
LF:4
LH:0
BRF:0
BRH:0
end_of_record
TN:
SF:D:\project\card-niu\calf-ui\src\modules\switch\index.js
FN:3,(anonymous_1)
FNF:1
FNH:0
FNDA:0,(anonymous_1)
DA:1,0
DA:4,0
LF:2
LH:0
BRF:0
BRH:0
end_of_record
TN:
SF:D:\project\card-niu\calf-ui\src\modules\textarea\index.js
FN:3,(anonymous_1)
FNF:1
FNH:0
FNDA:0,(anonymous_1)
DA:1,0
DA:4,0
LF:2
LH:0
BRF:0
BRH:0
end_of_record
TN:
SF:D:\project\card-niu\calf-ui\src\modules\toast\api.js
FN:3,addToast
FNF:1
FNH:0
FNDA:0,addToast
DA:1,0
DA:4,0
LF:2
LH:0
BRF:0
BRH:0
end_of_record
TN:
SF:D:\project\card-niu\calf-ui\src\modules\toast\index.js
FN:4,(anonymous_1)
FNF:1
FNH:0
FNDA:0,(anonymous_1)
DA:1,0
DA:2,0
DA:5,0
DA:6,0
LF:4
LH:0
BRF:0
BRH:0
end_of_record
