{"D:\\project\\card-niu\\calf-ui\\src\\index.js": {"path":"D:\\project\\card-niu\\calf-ui\\src\\index.js","statementMap":{"0":{"start":{"line":1,"column":0},"end":{"line":null,"column":-1}},"1":{"start":{"line":14,"column":2},"end":{"line":16,"column":3}},"2":{"start":{"line":15,"column":4},"end":{"line":null,"column":-1}},"3":{"start":{"line":17,"column":2},"end":{"line":null,"column":-1}},"4":{"start":{"line":18,"column":21},"end":{"line":18,"column":2}},"5":{"start":{"line":29,"column":2},"end":{"line":null,"column":-1}},"6":{"start":{"line":30,"column":4},"end":{"line":null,"column":-1}},"7":{"start":{"line":34,"column":13},"end":{"line":34,"column":0}},"8":{"start":{"line":41,"column":2},"end":{"line":null,"column":-1}}},"fnMap":{"0":{"name":"install","decl":{"start":{"line":13,"column":9},"end":{"line":13,"column":0}},"loc":{"start":{"line":13,"column":22},"end":{"line":32,"column":1}}},"1":{"name":"(anonymous_1)","decl":{"start":{"line":29,"column":21},"end":{"line":29,"column":33}},"loc":{"start":{"line":29,"column":34},"end":{"line":29,"column":2}}}},"branchMap":{"0":{"loc":{"start":{"line":14,"column":2},"end":{"line":16,"column":3}},"type":"if","locations":[{"start":{"line":14,"column":2},"end":{"line":16,"column":3}},{"start":{"line":14,"column":2},"end":{"line":16,"column":3}}]},"1":{"loc":{"start":{"line":40,"column":4},"end":{"line":40,"column":3}},"type":"binary-expr","locations":[{"start":{"line":40,"column":4},"end":{"line":40,"column":3}},{"start":{"line":40,"column":37},"end":{"line":40,"column":0}}]}},"s":{"0":0,"1":0,"2":0,"3":0,"4":0,"5":0,"6":0,"7":0,"8":0},"f":{"0":0,"1":0},"b":{"0":[0,0],"1":[0,0]}}
,"D:\\project\\card-niu\\calf-ui\\src\\module.js": {"path":"D:\\project\\card-niu\\calf-ui\\src\\module.js","statementMap":{"0":{"start":{"line":1,"column":0},"end":{"line":null,"column":-1}},"1":{"start":{"line":2,"column":0},"end":{"line":null,"column":-1}},"2":{"start":{"line":3,"column":0},"end":{"line":null,"column":-1}},"3":{"start":{"line":4,"column":0},"end":{"line":null,"column":-1}},"4":{"start":{"line":5,"column":0},"end":{"line":null,"column":-1}},"5":{"start":{"line":6,"column":0},"end":{"line":null,"column":-1}},"6":{"start":{"line":7,"column":0},"end":{"line":null,"column":-1}},"7":{"start":{"line":8,"column":0},"end":{"line":null,"column":-1}},"8":{"start":{"line":9,"column":0},"end":{"line":null,"column":-1}}},"fnMap":{},"branchMap":{},"s":{"0":0,"1":0,"2":0,"3":0,"4":0,"5":0,"6":0,"7":0,"8":0},"f":{},"b":{}}
,"D:\\project\\card-niu\\calf-ui\\src\\common\\helpers\\create-api-component.js": {"path":"D:\\project\\card-niu\\calf-ui\\src\\common\\helpers\\create-api-component.js","statementMap":{"0":{"start":{"line":1,"column":0},"end":{"line":null,"column":-1}},"1":{"start":{"line":2,"column":0},"end":{"line":null,"column":-1}},"2":{"start":{"line":9,"column":2},"end":{"line":9,"column":1}},"3":{"start":{"line":10,"column":6},"end":{"line":10,"column":2}},"4":{"start":{"line":11,"column":6},"end":{"line":11,"column":2}},"5":{"start":{"line":12,"column":20},"end":{"line":12,"column":2}},"6":{"start":{"line":13,"column":14},"end":{"line":13,"column":2}},"7":{"start":{"line":15,"column":6},"end":{"line":null,"column":-1}},"8":{"start":{"line":18,"column":6},"end":{"line":21,"column":7}},"9":{"start":{"line":19,"column":8},"end":{"line":null,"column":-1}},"10":{"start":{"line":20,"column":8},"end":{"line":null,"column":-1}},"11":{"start":{"line":22,"column":27},"end":{"line":22,"column":6}},"12":{"start":{"line":23,"column":6},"end":{"line":26,"column":7}},"13":{"start":{"line":24,"column":8},"end":{"line":null,"column":-1}},"14":{"start":{"line":25,"column":8},"end":{"line":null,"column":-1}},"15":{"start":{"line":28,"column":6},"end":{"line":null,"column":-1}},"16":{"start":{"line":29,"column":8},"end":{"line":null,"column":-1}},"17":{"start":{"line":31,"column":6},"end":{"line":33,"column":7}},"18":{"start":{"line":32,"column":8},"end":{"line":null,"column":-1}},"19":{"start":{"line":34,"column":6},"end":{"line":49,"column":7}},"20":{"start":{"line":35,"column":8},"end":{"line":null,"column":-1}},"21":{"start":{"line":37,"column":8},"end":{"line":null,"column":-1}},"22":{"start":{"line":38,"column":8},"end":{"line":null,"column":-1}},"23":{"start":{"line":39,"column":27},"end":{"line":39,"column":8}},"24":{"start":{"line":40,"column":8},"end":{"line":null,"column":-1}},"25":{"start":{"line":41,"column":10},"end":{"line":null,"column":-1}},"26":{"start":{"line":43,"column":10},"end":{"line":45,"column":11}},"27":{"start":{"line":44,"column":12},"end":{"line":null,"column":-1}},"28":{"start":{"line":48,"column":8},"end":{"line":null,"column":-1}},"29":{"start":{"line":50,"column":24},"end":{"line":50,"column":6}},"30":{"start":{"line":57,"column":23},"end":{"line":57,"column":6}},"31":{"start":{"line":58,"column":27},"end":{"line":58,"column":6}},"32":{"start":{"line":60,"column":6},"end":{"line":null,"column":-1}},"33":{"start":{"line":61,"column":8},"end":{"line":63,"column":9}},"34":{"start":{"line":62,"column":10},"end":{"line":null,"column":-1}},"35":{"start":{"line":64,"column":8},"end":{"line":null,"column":-1}},"36":{"start":{"line":65,"column":8},"end":{"line":null,"column":-1}},"37":{"start":{"line":66,"column":8},"end":{"line":null,"column":-1}},"38":{"start":{"line":67,"column":8},"end":{"line":70,"column":9}},"39":{"start":{"line":68,"column":10},"end":{"line":null,"column":-1}},"40":{"start":{"line":69,"column":10},"end":{"line":null,"column":-1}},"41":{"start":{"line":72,"column":25},"end":{"line":72,"column":6}},"42":{"start":{"line":73,"column":6},"end":{"line":null,"column":-1}},"43":{"start":{"line":74,"column":8},"end":{"line":null,"column":-1}},"44":{"start":{"line":75,"column":8},"end":{"line":null,"column":-1}},"45":{"start":{"line":77,"column":25},"end":{"line":77,"column":6}},"46":{"start":{"line":78,"column":6},"end":{"line":null,"column":-1}},"47":{"start":{"line":79,"column":8},"end":{"line":null,"column":-1}},"48":{"start":{"line":80,"column":8},"end":{"line":null,"column":-1}},"49":{"start":{"line":82,"column":6},"end":{"line":85,"column":7}},"50":{"start":{"line":83,"column":8},"end":{"line":null,"column":-1}},"51":{"start":{"line":84,"column":8},"end":{"line":null,"column":-1}},"52":{"start":{"line":87,"column":6},"end":{"line":null,"column":-1}},"53":{"start":{"line":90,"column":28},"end":{"line":90,"column":6}},"54":{"start":{"line":91,"column":30},"end":{"line":91,"column":6}},"55":{"start":{"line":92,"column":25},"end":{"line":92,"column":6}},"56":{"start":{"line":94,"column":6},"end":{"line":null,"column":-1}},"57":{"start":{"line":95,"column":6},"end":{"line":null,"column":-1}},"58":{"start":{"line":96,"column":6},"end":{"line":null,"column":-1}},"59":{"start":{"line":98,"column":6},"end":{"line":101,"column":7}},"60":{"start":{"line":99,"column":8},"end":{"line":null,"column":-1}},"61":{"start":{"line":100,"column":8},"end":{"line":null,"column":-1}},"62":{"start":{"line":104,"column":22},"end":{"line":104,"column":6}},"63":{"start":{"line":107,"column":6},"end":{"line":109,"column":7}},"64":{"start":{"line":108,"column":8},"end":{"line":null,"column":-1}},"65":{"start":{"line":111,"column":24},"end":{"line":111,"column":6}},"66":{"start":{"line":112,"column":6},"end":{"line":124,"column":7}},"67":{"start":{"line":113,"column":8},"end":{"line":null,"column":-1}},"68":{"start":{"line":114,"column":30},"end":{"line":114,"column":8}},"69":{"start":{"line":115,"column":10},"end":{"line":null,"column":-1}},"70":{"start":{"line":116,"column":10},"end":{"line":118,"column":11}},"71":{"start":{"line":117,"column":12},"end":{"line":null,"column":-1}},"72":{"start":{"line":119,"column":10},"end":{"line":null,"column":-1}},"73":{"start":{"line":120,"column":10},"end":{"line":null,"column":-1}},"74":{"start":{"line":122,"column":8},"end":{"line":null,"column":-1}},"75":{"start":{"line":125,"column":6},"end":{"line":null,"column":-1}},"76":{"start":{"line":128,"column":23},"end":{"line":128,"column":8}},"77":{"start":{"line":129,"column":8},"end":{"line":159,"column":9}},"78":{"start":{"line":130,"column":10},"end":{"line":null,"column":-1}},"79":{"start":{"line":132,"column":28},"end":{"line":132,"column":10}},"80":{"start":{"line":133,"column":32},"end":{"line":133,"column":10}},"81":{"start":{"line":134,"column":10},"end":{"line":null,"column":-1}},"82":{"start":{"line":135,"column":28},"end":{"line":135,"column":12}},"83":{"start":{"line":136,"column":12},"end":{"line":143,"column":13}},"84":{"start":{"line":138,"column":14},"end":{"line":null,"column":-1}},"85":{"start":{"line":139,"column":14},"end":{"line":null,"column":-1}},"86":{"start":{"line":140,"column":14},"end":{"line":null,"column":-1}},"87":{"start":{"line":142,"column":14},"end":{"line":null,"column":-1}},"88":{"start":{"line":145,"column":10},"end":{"line":158,"column":11}},"89":{"start":{"line":146,"column":12},"end":{"line":null,"column":-1}},"90":{"start":{"line":148,"column":30},"end":{"line":148,"column":16}},"91":{"start":{"line":149,"column":16},"end":{"line":null,"column":-1}},"92":{"start":{"line":150,"column":18},"end":{"line":null,"column":-1}},"93":{"start":{"line":152,"column":16},"end":{"line":null,"column":-1}},"94":{"start":{"line":155,"column":16},"end":{"line":null,"column":-1}},"95":{"start":{"line":163,"column":24},"end":{"line":163,"column":8}},"96":{"start":{"line":164,"column":8},"end":{"line":174,"column":9}},"97":{"start":{"line":165,"column":10},"end":{"line":null,"column":-1}},"98":{"start":{"line":167,"column":10},"end":{"line":null,"column":-1}},"99":{"start":{"line":168,"column":31},"end":{"line":168,"column":12}},"100":{"start":{"line":169,"column":12},"end":{"line":171,"column":13}},"101":{"start":{"line":170,"column":14},"end":{"line":null,"column":-1}},"102":{"start":{"line":172,"column":12},"end":{"line":null,"column":-1}},"103":{"start":{"line":178,"column":8},"end":{"line":181,"column":9}},"104":{"start":{"line":179,"column":10},"end":{"line":null,"column":-1}},"105":{"start":{"line":180,"column":10},"end":{"line":null,"column":-1}},"106":{"start":{"line":185,"column":2},"end":{"line":null,"column":-1}}},"fnMap":{"0":{"name":"createAPIComponent","decl":{"start":{"line":4,"column":24},"end":{"line":4,"column":15}},"loc":{"start":{"line":9,"column":2},"end":{"line":186,"column":1}}},"1":{"name":"before","decl":{"start":{"line":13,"column":14},"end":{"line":14,"column":10}},"loc":{"start":{"line":14,"column":15},"end":{"line":13,"column":14}}},"2":{"name":"open","decl":{"start":{"line":13,"column":14},"end":{"line":17,"column":8}},"loc":{"start":{"line":17,"column":34},"end":{"line":13,"column":14}}},"3":{"name":"(anonymous_4)","decl":{"start":{"line":28,"column":24},"end":{"line":28,"column":33}},"loc":{"start":{"line":28,"column":34},"end":{"line":28,"column":6}}},"4":{"name":"(anonymous_5)","decl":{"start":{"line":40,"column":34},"end":{"line":40,"column":39}},"loc":{"start":{"line":40,"column":40},"end":{"line":40,"column":8}}},"5":{"name":"(anonymous_6)","decl":{"start":{"line":60,"column":25},"end":{"line":60,"column":35}},"loc":{"start":{"line":60,"column":36},"end":{"line":60,"column":6}}},"6":{"name":"(anonymous_7)","decl":{"start":{"line":73,"column":23},"end":{"line":73,"column":33}},"loc":{"start":{"line":73,"column":34},"end":{"line":73,"column":6}}},"7":{"name":"(anonymous_8)","decl":{"start":{"line":78,"column":23},"end":{"line":78,"column":33}},"loc":{"start":{"line":78,"column":34},"end":{"line":78,"column":6}}},"8":{"name":"create","decl":{"start":{"line":13,"column":14},"end":{"line":89,"column":10}},"loc":{"start":{"line":89,"column":37},"end":{"line":13,"column":14}}},"9":{"name":"beforeDestroy","decl":{"start":{"line":114,"column":14},"end":{"line":114,"column":30}},"loc":{"start":{"line":114,"column":41},"end":{"line":114,"column":8}}},"10":{"name":"processProps","decl":{"start":{"line":127,"column":15},"end":{"line":127,"column":6}},"loc":{"start":{"line":127,"column":30},"end":{"line":160,"column":7}}},"11":{"name":"(anonymous_12)","decl":{"start":{"line":134,"column":38},"end":{"line":134,"column":44}},"loc":{"start":{"line":134,"column":45},"end":{"line":134,"column":10}}},"12":{"name":"(anonymous_13)","decl":{"start":{"line":147,"column":14},"end":{"line":147,"column":24}},"loc":{"start":{"line":147,"column":25},"end":{"line":146,"column":48}}},"13":{"name":"(anonymous_14)","decl":{"start":{"line":149,"column":34},"end":{"line":149,"column":34}},"loc":{"start":{"line":149,"column":46},"end":{"line":149,"column":16}}},"14":{"name":"(anonymous_15)","decl":{"start":{"line":154,"column":14},"end":{"line":154,"column":22}},"loc":{"start":{"line":154,"column":33},"end":{"line":146,"column":48}}},"15":{"name":"processEvents","decl":{"start":{"line":162,"column":15},"end":{"line":162,"column":6}},"loc":{"start":{"line":162,"column":31},"end":{"line":175,"column":7}}},"16":{"name":"(anonymous_17)","decl":{"start":{"line":167,"column":39},"end":{"line":167,"column":47}},"loc":{"start":{"line":167,"column":48},"end":{"line":167,"column":10}}},"17":{"name":"cancelWatchProps","decl":{"start":{"line":177,"column":15},"end":{"line":177,"column":6}},"loc":{"start":{"line":177,"column":34},"end":{"line":182,"column":7}}}},"branchMap":{"0":{"loc":{"start":{"line":9,"column":2},"end":{"line":7,"column":10}},"type":"cond-expr","locations":[{"start":{"line":9,"column":2},"end":{"line":7,"column":10}},{"start":{"line":7,"column":11},"end":{"line":9,"column":2}}]},"1":{"loc":{"start":{"line":9,"column":2},"end":{"line":7,"column":10}},"type":"binary-expr","locations":[{"start":{"line":9,"column":2},"end":{"line":7,"column":10}},{"start":{"line":9,"column":2},"end":{"line":7,"column":10}}]},"2":{"loc":{"start":{"line":9,"column":2},"end":{"line":8,"column":10}},"type":"cond-expr","locations":[{"start":{"line":9,"column":2},"end":{"line":8,"column":10}},{"start":{"line":8,"column":11},"end":{"line":9,"column":2}}]},"3":{"loc":{"start":{"line":9,"column":2},"end":{"line":8,"column":10}},"type":"binary-expr","locations":[{"start":{"line":9,"column":2},"end":{"line":8,"column":10}},{"start":{"line":9,"column":2},"end":{"line":8,"column":10}}]},"4":{"loc":{"start":{"line":18,"column":6},"end":{"line":21,"column":7}},"type":"if","locations":[{"start":{"line":18,"column":6},"end":{"line":21,"column":7}},{"start":{"line":18,"column":6},"end":{"line":21,"column":7}}]},"5":{"loc":{"start":{"line":18,"column":10},"end":{"line":18,"column":9}},"type":"binary-expr","locations":[{"start":{"line":18,"column":10},"end":{"line":18,"column":9}},{"start":{"line":18,"column":44},"end":{"line":18,"column":6}}]},"6":{"loc":{"start":{"line":23,"column":6},"end":{"line":26,"column":7}},"type":"if","locations":[{"start":{"line":23,"column":6},"end":{"line":26,"column":7}},{"start":{"line":23,"column":6},"end":{"line":26,"column":7}}]},"7":{"loc":{"start":{"line":23,"column":10},"end":{"line":23,"column":16}},"type":"cond-expr","locations":[{"start":{"line":23,"column":10},"end":{"line":23,"column":16}},{"start":{"line":23,"column":10},"end":{"line":23,"column":28}}]},"8":{"loc":{"start":{"line":31,"column":6},"end":{"line":33,"column":7}},"type":"if","locations":[{"start":{"line":31,"column":6},"end":{"line":33,"column":7}},{"start":{"line":31,"column":6},"end":{"line":33,"column":7}}]},"9":{"loc":{"start":{"line":34,"column":6},"end":{"line":49,"column":7}},"type":"if","locations":[{"start":{"line":34,"column":6},"end":{"line":49,"column":7}},{"start":{"line":34,"column":6},"end":{"line":49,"column":7}}]},"10":{"loc":{"start":{"line":34,"column":10},"end":{"line":34,"column":27}},"type":"binary-expr","locations":[{"start":{"line":34,"column":10},"end":{"line":34,"column":27}},{"start":{"line":34,"column":28},"end":{"line":34,"column":6}}]},"11":{"loc":{"start":{"line":43,"column":10},"end":{"line":45,"column":11}},"type":"if","locations":[{"start":{"line":43,"column":10},"end":{"line":45,"column":11}},{"start":{"line":43,"column":10},"end":{"line":45,"column":11}}]},"12":{"loc":{"start":{"line":43,"column":14},"end":{"line":43,"column":27}},"type":"binary-expr","locations":[{"start":{"line":43,"column":14},"end":{"line":43,"column":27}},{"start":{"line":43,"column":28},"end":{"line":43,"column":10}}]},"13":{"loc":{"start":{"line":61,"column":8},"end":{"line":63,"column":9}},"type":"if","locations":[{"start":{"line":61,"column":8},"end":{"line":63,"column":9}},{"start":{"line":61,"column":8},"end":{"line":63,"column":9}}]},"14":{"loc":{"start":{"line":64,"column":8},"end":{"line":64,"column":23}},"type":"binary-expr","locations":[{"start":{"line":64,"column":8},"end":{"line":64,"column":23}},{"start":{"line":64,"column":24},"end":{"line":64,"column":8}}]},"15":{"loc":{"start":{"line":67,"column":8},"end":{"line":70,"column":9}},"type":"if","locations":[{"start":{"line":67,"column":8},"end":{"line":70,"column":9}},{"start":{"line":67,"column":8},"end":{"line":70,"column":9}}]},"16":{"loc":{"start":{"line":74,"column":8},"end":{"line":74,"column":21}},"type":"binary-expr","locations":[{"start":{"line":74,"column":8},"end":{"line":74,"column":21}},{"start":{"line":74,"column":22},"end":{"line":74,"column":8}}]},"17":{"loc":{"start":{"line":79,"column":8},"end":{"line":79,"column":21}},"type":"binary-expr","locations":[{"start":{"line":79,"column":8},"end":{"line":79,"column":21}},{"start":{"line":79,"column":22},"end":{"line":79,"column":8}}]},"18":{"loc":{"start":{"line":82,"column":6},"end":{"line":85,"column":7}},"type":"if","locations":[{"start":{"line":82,"column":6},"end":{"line":85,"column":7}},{"start":{"line":82,"column":6},"end":{"line":85,"column":7}}]},"19":{"loc":{"start":{"line":98,"column":6},"end":{"line":101,"column":7}},"type":"if","locations":[{"start":{"line":98,"column":6},"end":{"line":101,"column":7}},{"start":{"line":98,"column":6},"end":{"line":101,"column":7}}]},"20":{"loc":{"start":{"line":98,"column":10},"end":{"line":98,"column":9}},"type":"binary-expr","locations":[{"start":{"line":98,"column":10},"end":{"line":98,"column":9}},{"start":{"line":98,"column":44},"end":{"line":98,"column":6}}]},"21":{"loc":{"start":{"line":107,"column":6},"end":{"line":109,"column":7}},"type":"if","locations":[{"start":{"line":107,"column":6},"end":{"line":109,"column":7}},{"start":{"line":107,"column":6},"end":{"line":109,"column":7}}]},"22":{"loc":{"start":{"line":112,"column":6},"end":{"line":124,"column":7}},"type":"if","locations":[{"start":{"line":112,"column":6},"end":{"line":124,"column":7}},{"start":{"line":112,"column":6},"end":{"line":124,"column":7}}]},"23":{"loc":{"start":{"line":116,"column":10},"end":{"line":118,"column":11}},"type":"if","locations":[{"start":{"line":116,"column":10},"end":{"line":118,"column":11}},{"start":{"line":116,"column":10},"end":{"line":118,"column":11}}]},"24":{"loc":{"start":{"line":122,"column":8},"end":{"line":null,"column":-1}},"type":"binary-expr","locations":[{"start":{"line":122,"column":8},"end":{"line":null,"column":-1}},{"start":{"line":123,"column":10},"end":{"line":122,"column":8}}]},"25":{"loc":{"start":{"line":129,"column":8},"end":{"line":159,"column":9}},"type":"if","locations":[{"start":{"line":129,"column":8},"end":{"line":159,"column":9}},{"start":{"line":129,"column":8},"end":{"line":159,"column":9}}]},"26":{"loc":{"start":{"line":136,"column":12},"end":{"line":143,"column":13}},"type":"if","locations":[{"start":{"line":136,"column":12},"end":{"line":143,"column":13}},{"start":{"line":136,"column":12},"end":{"line":143,"column":13}}]},"27":{"loc":{"start":{"line":136,"column":16},"end":{"line":136,"column":15}},"type":"binary-expr","locations":[{"start":{"line":136,"column":16},"end":{"line":136,"column":15}},{"start":{"line":136,"column":47},"end":{"line":136,"column":12}}]},"28":{"loc":{"start":{"line":145,"column":10},"end":{"line":158,"column":11}},"type":"if","locations":[{"start":{"line":145,"column":10},"end":{"line":158,"column":11}},{"start":{"line":145,"column":10},"end":{"line":158,"column":11}}]},"29":{"loc":{"start":{"line":155,"column":16},"end":{"line":155,"column":28}},"type":"binary-expr","locations":[{"start":{"line":155,"column":16},"end":{"line":155,"column":28}},{"start":{"line":155,"column":29},"end":{"line":155,"column":16}}]},"30":{"loc":{"start":{"line":164,"column":8},"end":{"line":174,"column":9}},"type":"if","locations":[{"start":{"line":164,"column":8},"end":{"line":174,"column":9}},{"start":{"line":164,"column":8},"end":{"line":174,"column":9}}]},"31":{"loc":{"start":{"line":169,"column":12},"end":{"line":171,"column":13}},"type":"if","locations":[{"start":{"line":169,"column":12},"end":{"line":171,"column":13}},{"start":{"line":169,"column":12},"end":{"line":171,"column":13}}]},"32":{"loc":{"start":{"line":178,"column":8},"end":{"line":181,"column":9}},"type":"if","locations":[{"start":{"line":178,"column":8},"end":{"line":181,"column":9}},{"start":{"line":178,"column":8},"end":{"line":181,"column":9}}]}},"s":{"0":0,"1":0,"2":0,"3":0,"4":0,"5":0,"6":0,"7":0,"8":0,"9":0,"10":0,"11":0,"12":0,"13":0,"14":0,"15":0,"16":0,"17":0,"18":0,"19":0,"20":0,"21":0,"22":0,"23":0,"24":0,"25":0,"26":0,"27":0,"28":0,"29":0,"30":0,"31":0,"32":0,"33":0,"34":0,"35":0,"36":0,"37":0,"38":0,"39":0,"40":0,"41":0,"42":0,"43":0,"44":0,"45":0,"46":0,"47":0,"48":0,"49":0,"50":0,"51":0,"52":0,"53":0,"54":0,"55":0,"56":0,"57":0,"58":0,"59":0,"60":0,"61":0,"62":0,"63":0,"64":0,"65":0,"66":0,"67":0,"68":0,"69":0,"70":0,"71":0,"72":0,"73":0,"74":0,"75":0,"76":0,"77":0,"78":0,"79":0,"80":0,"81":0,"82":0,"83":0,"84":0,"85":0,"86":0,"87":0,"88":0,"89":0,"90":0,"91":0,"92":0,"93":0,"94":0,"95":0,"96":0,"97":0,"98":0,"99":0,"100":0,"101":0,"102":0,"103":0,"104":0,"105":0,"106":0},"f":{"0":0,"1":0,"2":0,"3":0,"4":0,"5":0,"6":0,"7":0,"8":0,"9":0,"10":0,"11":0,"12":0,"13":0,"14":0,"15":0,"16":0,"17":0},"b":{"0":[0,0],"1":[0,0],"2":[0,0],"3":[0,0],"4":[0,0],"5":[0,0],"6":[0,0],"7":[0,0],"8":[0,0],"9":[0,0],"10":[0,0],"11":[0,0],"12":[0,0],"13":[0,0],"14":[0,0],"15":[0,0],"16":[0,0],"17":[0,0],"18":[0,0],"19":[0,0],"20":[0,0],"21":[0,0],"22":[0,0],"23":[0,0],"24":[0,0],"25":[0,0],"26":[0,0],"27":[0,0],"28":[0,0],"29":[0,0],"30":[0,0],"31":[0,0],"32":[0,0]}}
,"D:\\project\\card-niu\\calf-ui\\src\\common\\helpers\\create-api.js": {"path":"D:\\project\\card-niu\\calf-ui\\src\\common\\helpers\\create-api.js","statementMap":{"0":{"start":{"line":1,"column":0},"end":{"line":2,"column":-1}},"1":{"start":{"line":2,"column":0},"end":{"line":null,"column":-1}},"2":{"start":{"line":5,"column":14},"end":{"line":5,"column":2}},"3":{"start":{"line":6,"column":15},"end":{"line":6,"column":2}},"4":{"start":{"line":7,"column":19},"end":{"line":7,"column":2}},"5":{"start":{"line":8,"column":8},"end":{"line":8,"column":2}},"6":{"start":{"line":9,"column":2},"end":{"line":null,"column":-1}},"7":{"start":{"line":10,"column":2},"end":{"line":null,"column":-1}},"8":{"start":{"line":11,"column":2},"end":{"line":null,"column":-1}},"9":{"start":{"line":12,"column":2},"end":{"line":null,"column":-1}}},"fnMap":{"0":{"name":"createAPI","decl":{"start":{"line":4,"column":24},"end":{"line":4,"column":15}},"loc":{"start":{"line":4,"column":66},"end":{"line":13,"column":1}}}},"branchMap":{},"s":{"0":0,"1":0,"2":0,"3":0,"4":0,"5":0,"6":0,"7":0,"8":0,"9":0},"f":{"0":0},"b":{}}
,"D:\\project\\card-niu\\calf-ui\\src\\common\\helpers\\debug.js": {"path":"D:\\project\\card-niu\\calf-ui\\src\\common\\helpers\\debug.js","statementMap":{"0":{"start":{"line":1,"column":13},"end":{"line":1,"column":7}},"1":{"start":{"line":2,"column":2},"end":{"line":null,"column":-1}}},"fnMap":{"0":{"name":"warn","decl":{"start":{"line":1,"column":13},"end":{"line":1,"column":20}},"loc":{"start":{"line":1,"column":34},"end":{"line":1,"column":7}}}},"branchMap":{},"s":{"0":0,"1":0},"f":{"0":0},"b":{}}
,"D:\\project\\card-niu\\calf-ui\\src\\common\\helpers\\dom.js": {"path":"D:\\project\\card-niu\\calf-ui\\src\\common\\helpers\\dom.js","statementMap":{"0":{"start":{"line":1,"column":0},"end":{"line":3,"column":6}},"1":{"start":{"line":4,"column":14},"end":{"line":4,"column":2}},"2":{"start":{"line":5,"column":2},"end":{"line":6,"column":1}},"3":{"start":{"line":10,"column":2},"end":{"line":14,"column":2}},"4":{"start":{"line":14,"column":19},"end":{"line":14,"column":2}},"5":{"start":{"line":15,"column":2},"end":{"line":16,"column":2}},"6":{"start":{"line":16,"column":2},"end":{"line":17,"column":1}},"7":{"start":{"line":21,"column":2},"end":{"line":25,"column":2}},"8":{"start":{"line":25,"column":14},"end":{"line":25,"column":2}},"9":{"start":{"line":26,"column":2},"end":{"line":27,"column":1}},"10":{"start":{"line":30,"column":17},"end":{"line":30,"column":2}},"11":{"start":{"line":31,"column":2},"end":{"line":32,"column":1}},"12":{"start":{"line":35,"column":2},"end":{"line":41,"column":1}},"13":{"start":{"line":43,"column":14},"end":{"line":43,"column":0}},"14":{"start":{"line":45,"column":2},"end":{"line":48,"column":2}},"15":{"start":{"line":48,"column":21},"end":{"line":48,"column":2}},"16":{"start":{"line":49,"column":23},"end":{"line":49,"column":2}},"17":{"start":{"line":57,"column":2},"end":{"line":43,"column":20}},"18":{"start":{"line":58,"column":4},"end":{"line":61,"column":3}},"19":{"start":{"line":59,"column":6},"end":{"line":60,"column":5}},"20":{"start":{"line":69,"column":2},"end":{"line":73,"column":2}},"21":{"start":{"line":73,"column":2},"end":{"line":80,"column":2}},"22":{"start":{"line":74,"column":4},"end":{"line":77,"column":4}},"23":{"start":{"line":75,"column":6},"end":{"line":76,"column":5}},"24":{"start":{"line":77,"column":4},"end":{"line":78,"column":3}},"25":{"start":{"line":80,"column":2},"end":{"line":81,"column":1}},"26":{"start":{"line":84,"column":11},"end":{"line":84,"column":2}},"27":{"start":{"line":86,"column":2},"end":{"line":91,"column":2}},"28":{"start":{"line":87,"column":4},"end":{"line":88,"column":4}},"29":{"start":{"line":87,"column":32},"end":{"line":88,"column":4}},"30":{"start":{"line":88,"column":4},"end":{"line":89,"column":3}},"31":{"start":{"line":91,"column":2},"end":{"line":92,"column":1}},"32":{"start":{"line":94,"column":101},"end":{"line":94,"column":100}},"33":{"start":{"line":94,"column":101},"end":{"line":94,"column":58}},"34":{"start":{"line":94,"column":101},"end":{"line":94,"column":74}},"35":{"start":{"line":94,"column":101},"end":{"line":null,"column":-1}},"36":{"start":{"line":95,"column":12},"end":{"line":95,"column":2}},"37":{"start":{"line":96,"column":2},"end":{"line":null,"column":-1}},"38":{"start":{"line":97,"column":2},"end":{"line":null,"column":-1}}},"fnMap":{"0":{"name":"hasClass","decl":{"start":{"line":3,"column":16},"end":{"line":3,"column":7}},"loc":{"start":{"line":3,"column":40},"end":{"line":8,"column":7}}},"1":{"name":"addClass","decl":{"start":{"line":8,"column":16},"end":{"line":8,"column":7}},"loc":{"start":{"line":8,"column":40},"end":{"line":19,"column":7}}},"2":{"name":"removeClass","decl":{"start":{"line":19,"column":16},"end":{"line":19,"column":7}},"loc":{"start":{"line":19,"column":43},"end":{"line":29,"column":7}}},"3":{"name":"getData","decl":{"start":{"line":29,"column":16},"end":{"line":29,"column":7}},"loc":{"start":{"line":29,"column":34},"end":{"line":34,"column":7}}},"4":{"name":"getRect","decl":{"start":{"line":34,"column":16},"end":{"line":34,"column":7}},"loc":{"start":{"line":34,"column":28},"end":{"line":43,"column":0}}},"5":{"name":"(anonymous_5)","decl":{"start":{"line":43,"column":14},"end":{"line":43,"column":19}},"loc":{"start":{"line":43,"column":20},"end":{"line":43,"column":13}}},"6":{"name":"prefixStyle","decl":{"start":{"line":67,"column":16},"end":{"line":67,"column":7}},"loc":{"start":{"line":67,"column":35},"end":{"line":83,"column":7}}},"7":{"name":"getMatchedTarget","decl":{"start":{"line":83,"column":16},"end":{"line":83,"column":7}},"loc":{"start":{"line":83,"column":53},"end":{"line":94,"column":7}}},"8":{"name":"dispatchEvent","decl":{"start":{"line":94,"column":16},"end":{"line":94,"column":7}},"loc":{"start":{"line":94,"column":101},"end":{"line":98,"column":1}}}},"branchMap":{"0":{"loc":{"start":{"line":10,"column":2},"end":{"line":14,"column":2}},"type":"if","locations":[{"start":{"line":10,"column":2},"end":{"line":14,"column":2}}]},"1":{"loc":{"start":{"line":21,"column":2},"end":{"line":25,"column":2}},"type":"if","locations":[{"start":{"line":21,"column":2},"end":{"line":25,"column":2}}]},"2":{"loc":{"start":{"line":45,"column":2},"end":{"line":48,"column":2}},"type":"if","locations":[{"start":{"line":45,"column":2},"end":{"line":48,"column":2}}]},"3":{"loc":{"start":{"line":58,"column":4},"end":{"line":61,"column":3}},"type":"if","locations":[{"start":{"line":58,"column":4},"end":{"line":61,"column":3}},{"start":{"line":58,"column":4},"end":{"line":61,"column":3}}]},"4":{"loc":{"start":{"line":69,"column":2},"end":{"line":73,"column":2}},"type":"if","locations":[{"start":{"line":69,"column":2},"end":{"line":73,"column":2}}]},"5":{"loc":{"start":{"line":73,"column":2},"end":{"line":80,"column":2}},"type":"if","locations":[{"start":{"line":73,"column":2},"end":{"line":80,"column":2}},{"start":{"line":73,"column":2},"end":{"line":80,"column":2}}]},"6":{"loc":{"start":{"line":74,"column":4},"end":{"line":77,"column":4}},"type":"if","locations":[{"start":{"line":74,"column":4},"end":{"line":77,"column":4}},{"start":{"line":74,"column":4},"end":{"line":77,"column":4}}]},"7":{"loc":{"start":{"line":86,"column":9},"end":{"line":86,"column":14}},"type":"binary-expr","locations":[{"start":{"line":86,"column":9},"end":{"line":86,"column":14}},{"start":{"line":86,"column":15},"end":{"line":86,"column":2}}]},"8":{"loc":{"start":{"line":87,"column":4},"end":{"line":88,"column":4}},"type":"if","locations":[{"start":{"line":87,"column":4},"end":{"line":88,"column":4}},{"start":{"line":87,"column":4},"end":{"line":88,"column":4}}]},"9":{"loc":{"start":{"line":94,"column":101},"end":{"line":94,"column":96}},"type":"cond-expr","locations":[{"start":{"line":94,"column":101},"end":{"line":94,"column":96}},{"start":{"line":94,"column":97},"end":{"line":94,"column":101}}]},"10":{"loc":{"start":{"line":94,"column":101},"end":{"line":94,"column":96}},"type":"binary-expr","locations":[{"start":{"line":94,"column":101},"end":{"line":94,"column":96}},{"start":{"line":94,"column":101},"end":{"line":94,"column":96}}]},"11":{"loc":{"start":{"line":94,"column":50},"end":{"line":94,"column":101}},"type":"cond-expr","locations":[{"start":{"line":94,"column":50},"end":{"line":94,"column":101}},{"start":{"line":94,"column":101},"end":{"line":94,"column":58}}]},"12":{"loc":{"start":{"line":94,"column":69},"end":{"line":94,"column":101}},"type":"cond-expr","locations":[{"start":{"line":94,"column":69},"end":{"line":94,"column":101}},{"start":{"line":94,"column":101},"end":{"line":94,"column":74}}]},"13":{"loc":{"start":{"line":94,"column":88},"end":{"line":94,"column":101}},"type":"cond-expr","locations":[{"start":{"line":94,"column":88},"end":{"line":94,"column":101}},{"start":{"line":94,"column":101},"end":{"line":null,"column":-1}}]}},"s":{"0":0,"1":0,"2":0,"3":0,"4":0,"5":0,"6":0,"7":0,"8":0,"9":0,"10":0,"11":0,"12":0,"13":0,"14":0,"15":0,"16":0,"17":0,"18":0,"19":0,"20":0,"21":0,"22":0,"23":0,"24":0,"25":0,"26":0,"27":0,"28":0,"29":0,"30":0,"31":0,"32":0,"33":0,"34":0,"35":0,"36":0,"37":0,"38":0},"f":{"0":0,"1":0,"2":0,"3":0,"4":0,"5":0,"6":0,"7":0,"8":0},"b":{"0":[0],"1":[0],"2":[0],"3":[0,0],"4":[0],"5":[0,0],"6":[0,0],"7":[0,0],"8":[0,0],"9":[0,0],"10":[0,0],"11":[0,0],"12":[0,0],"13":[0,0]}}
,"D:\\project\\card-niu\\calf-ui\\src\\common\\helpers\\ease.js": {"path":"D:\\project\\card-niu\\calf-ui\\src\\common\\helpers\\ease.js","statementMap":{"0":{"start":{"line":1,"column":13},"end":{"line":1,"column":7}},"1":{"start":{"line":2,"column":13},"end":{"line":2,"column":7}},"2":{"start":{"line":3,"column":13},"end":{"line":3,"column":7}}},"fnMap":{},"branchMap":{},"s":{"0":0,"1":0,"2":0},"f":{},"b":{}}
,"D:\\project\\card-niu\\calf-ui\\src\\common\\helpers\\env.js": {"path":"D:\\project\\card-niu\\calf-ui\\src\\common\\helpers\\env.js","statementMap":{"0":{"start":{"line":2,"column":13},"end":{"line":2,"column":7}}},"fnMap":{},"branchMap":{},"s":{"0":0},"f":{},"b":{}}
,"D:\\project\\card-niu\\calf-ui\\src\\common\\helpers\\instantiate-component.js": {"path":"D:\\project\\card-niu\\calf-ui\\src\\common\\helpers\\instantiate-component.js","statementMap":{"0":{"start":{"line":2,"column":6},"end":{"line":2,"column":2}},"1":{"start":{"line":3,"column":6},"end":{"line":3,"column":2}},"2":{"start":{"line":5,"column":2},"end":{"line":7,"column":3}},"3":{"start":{"line":6,"column":4},"end":{"line":null,"column":-1}},"4":{"start":{"line":9,"column":19},"end":{"line":9,"column":2}},"5":{"start":{"line":12,"column":21},"end":{"line":12,"column":6}},"6":{"start":{"line":13,"column":6},"end":{"line":15,"column":7}},"7":{"start":{"line":14,"column":8},"end":{"line":null,"column":-1}},"8":{"start":{"line":18,"column":6},"end":{"line":null,"column":-1}},"9":{"start":{"line":22,"column":8},"end":{"line":null,"column":-1}},"10":{"start":{"line":25,"column":8},"end":{"line":null,"column":-1}},"11":{"start":{"line":26,"column":8},"end":{"line":null,"column":-1}},"12":{"start":{"line":30,"column":2},"end":{"line":null,"column":-1}},"13":{"start":{"line":31,"column":4},"end":{"line":null,"column":-1}},"14":{"start":{"line":32,"column":4},"end":{"line":null,"column":-1}},"15":{"start":{"line":34,"column":2},"end":{"line":null,"column":-1}},"16":{"start":{"line":35,"column":2},"end":{"line":null,"column":-1}},"17":{"start":{"line":36,"column":2},"end":{"line":null,"column":-1}},"18":{"start":{"line":37,"column":20},"end":{"line":37,"column":2}},"19":{"start":{"line":38,"column":2},"end":{"line":null,"column":-1}},"20":{"start":{"line":39,"column":4},"end":{"line":null,"column":-1}},"21":{"start":{"line":40,"column":4},"end":{"line":null,"column":-1}},"22":{"start":{"line":42,"column":2},"end":{"line":null,"column":-1}}},"fnMap":{"0":{"name":"instantiateComponent","decl":{"start":{"line":1,"column":24},"end":{"line":1,"column":15}},"loc":{"start":{"line":1,"column":86},"end":{"line":43,"column":1}}},"1":{"name":"render","decl":{"start":{"line":9,"column":19},"end":{"line":11,"column":10}},"loc":{"start":{"line":11,"column":26},"end":{"line":9,"column":19}}},"2":{"name":"init","decl":{"start":{"line":20,"column":13},"end":{"line":21,"column":12}},"loc":{"start":{"line":21,"column":13},"end":{"line":20,"column":13}}},"3":{"name":"destroy","decl":{"start":{"line":20,"column":13},"end":{"line":24,"column":15}},"loc":{"start":{"line":24,"column":16},"end":{"line":20,"column":13}}},"4":{"name":"(anonymous_5)","decl":{"start":{"line":30,"column":30},"end":{"line":30,"column":39}},"loc":{"start":{"line":30,"column":54},"end":{"line":30,"column":2}}},"5":{"name":"(anonymous_6)","decl":{"start":{"line":38,"column":27},"end":{"line":38,"column":36}},"loc":{"start":{"line":38,"column":44},"end":{"line":38,"column":2}}}},"branchMap":{"0":{"loc":{"start":{"line":5,"column":2},"end":{"line":7,"column":3}},"type":"if","locations":[{"start":{"line":5,"column":2},"end":{"line":7,"column":3}},{"start":{"line":5,"column":2},"end":{"line":7,"column":3}}]},"1":{"loc":{"start":{"line":12,"column":21},"end":{"line":12,"column":40}},"type":"binary-expr","locations":[{"start":{"line":12,"column":21},"end":{"line":12,"column":40}},{"start":{"line":12,"column":41},"end":{"line":12,"column":6}}]},"2":{"loc":{"start":{"line":13,"column":6},"end":{"line":15,"column":7}},"type":"if","locations":[{"start":{"line":13,"column":6},"end":{"line":15,"column":7}},{"start":{"line":13,"column":6},"end":{"line":15,"column":7}}]},"3":{"loc":{"start":{"line":13,"column":10},"end":{"line":13,"column":21}},"type":"binary-expr","locations":[{"start":{"line":13,"column":10},"end":{"line":13,"column":21}},{"start":{"line":13,"column":22},"end":{"line":13,"column":6}}]},"4":{"loc":{"start":{"line":18,"column":55},"end":{"line":18,"column":66}},"type":"binary-expr","locations":[{"start":{"line":18,"column":55},"end":{"line":18,"column":66}},{"start":{"line":18,"column":67},"end":{"line":18,"column":13}}]}},"s":{"0":0,"1":0,"2":0,"3":0,"4":0,"5":0,"6":0,"7":0,"8":0,"9":0,"10":0,"11":0,"12":0,"13":0,"14":0,"15":0,"16":0,"17":0,"18":0,"19":0,"20":0,"21":0,"22":0},"f":{"0":0,"1":0,"2":0,"3":0,"4":0,"5":0},"b":{"0":[0,0],"1":[0,0],"2":[0,0],"3":[0,0],"4":[0,0]}}
,"D:\\project\\card-niu\\calf-ui\\src\\common\\helpers\\parse-render-data.js": {"path":"D:\\project\\card-niu\\calf-ui\\src\\common\\helpers\\parse-render-data.js","statementMap":{"0":{"start":{"line":1,"column":0},"end":{"line":null,"column":-1}},"1":{"start":{"line":3,"column":64},"end":{"line":3,"column":63}},"2":{"start":{"line":4,"column":2},"end":{"line":null,"column":-1}},"3":{"start":{"line":5,"column":8},"end":{"line":5,"column":2}},"4":{"start":{"line":6,"column":13},"end":{"line":6,"column":2}},"5":{"start":{"line":7,"column":2},"end":{"line":15,"column":3}},"6":{"start":{"line":8,"column":4},"end":{"line":14,"column":5}},"7":{"start":{"line":9,"column":26},"end":{"line":9,"column":6}},"8":{"start":{"line":10,"column":6},"end":{"line":13,"column":7}},"9":{"start":{"line":11,"column":8},"end":{"line":null,"column":-1}},"10":{"start":{"line":12,"column":8},"end":{"line":null,"column":-1}},"11":{"start":{"line":16,"column":2},"end":{"line":null,"column":-1}},"12":{"start":{"line":23,"column":23},"end":{"line":23,"column":2}},"13":{"start":{"line":24,"column":2},"end":{"line":null,"column":-1}},"14":{"start":{"line":25,"column":4},"end":{"line":null,"column":-1}},"15":{"start":{"line":27,"column":2},"end":{"line":null,"column":-1}}},"fnMap":{"0":{"name":"parseRenderData","decl":{"start":{"line":3,"column":24},"end":{"line":3,"column":15}},"loc":{"start":{"line":3,"column":64},"end":{"line":20,"column":1}}},"1":{"name":"parseEvents","decl":{"start":{"line":22,"column":9},"end":{"line":22,"column":0}},"loc":{"start":{"line":22,"column":29},"end":{"line":28,"column":1}}},"2":{"name":"(anonymous_3)","decl":{"start":{"line":24,"column":17},"end":{"line":24,"column":17}},"loc":{"start":{"line":24,"column":27},"end":{"line":24,"column":2}}}},"branchMap":{"0":{"loc":{"start":{"line":3,"column":64},"end":{"line":3,"column":46}},"type":"cond-expr","locations":[{"start":{"line":3,"column":64},"end":{"line":3,"column":46}},{"start":{"line":3,"column":47},"end":{"line":3,"column":64}}]},"1":{"loc":{"start":{"line":3,"column":64},"end":{"line":3,"column":46}},"type":"binary-expr","locations":[{"start":{"line":3,"column":64},"end":{"line":3,"column":46}},{"start":{"line":3,"column":64},"end":{"line":3,"column":46}}]},"2":{"loc":{"start":{"line":3,"column":64},"end":{"line":3,"column":59}},"type":"cond-expr","locations":[{"start":{"line":3,"column":64},"end":{"line":3,"column":59}},{"start":{"line":3,"column":60},"end":{"line":3,"column":64}}]},"3":{"loc":{"start":{"line":3,"column":64},"end":{"line":3,"column":59}},"type":"binary-expr","locations":[{"start":{"line":3,"column":64},"end":{"line":3,"column":59}},{"start":{"line":3,"column":64},"end":{"line":3,"column":59}}]},"4":{"loc":{"start":{"line":8,"column":4},"end":{"line":14,"column":5}},"type":"if","locations":[{"start":{"line":8,"column":4},"end":{"line":14,"column":5}},{"start":{"line":8,"column":4},"end":{"line":14,"column":5}}]},"5":{"loc":{"start":{"line":10,"column":6},"end":{"line":13,"column":7}},"type":"if","locations":[{"start":{"line":10,"column":6},"end":{"line":13,"column":7}},{"start":{"line":10,"column":6},"end":{"line":13,"column":7}}]}},"s":{"0":0,"1":0,"2":0,"3":0,"4":0,"5":0,"6":0,"7":0,"8":0,"9":0,"10":0,"11":0,"12":0,"13":0,"14":0,"15":0},"f":{"0":0,"1":0,"2":0},"b":{"0":[0,0],"1":[0,0],"2":[0,0],"3":[0,0],"4":[0,0],"5":[0,0]}}
,"D:\\project\\card-niu\\calf-ui\\src\\common\\helpers\\raf.js": {"path":"D:\\project\\card-niu\\calf-ui\\src\\common\\helpers\\raf.js","statementMap":{"0":{"start":{"line":1,"column":0},"end":{"line":null,"column":-1}},"1":{"start":{"line":3,"column":25},"end":{"line":3,"column":0}},"2":{"start":{"line":8,"column":13},"end":{"line":8,"column":7}},"3":{"start":{"line":13,"column":2},"end":{"line":null,"column":-1}},"4":{"start":{"line":27,"column":13},"end":{"line":27,"column":7}},"5":{"start":{"line":32,"column":2},"end":{"line":null,"column":-1}}},"fnMap":{"0":{"name":"noop","decl":{"start":{"line":5,"column":9},"end":{"line":5,"column":0}},"loc":{"start":{"line":5,"column":16},"end":{"line":6,"column":1}}},"1":{"name":"(anonymous_1)","decl":{"start":{"line":8,"column":38},"end":{"line":8,"column":43}},"loc":{"start":{"line":8,"column":44},"end":{"line":8,"column":37}}},"2":{"name":"(anonymous_2)","decl":{"start":{"line":27,"column":37},"end":{"line":27,"column":42}},"loc":{"start":{"line":27,"column":43},"end":{"line":27,"column":36}}}},"branchMap":{"0":{"loc":{"start":{"line":13,"column":9},"end":{"line":13,"column":8}},"type":"binary-expr","locations":[{"start":{"line":13,"column":9},"end":{"line":13,"column":8}}]},"1":{"loc":{"start":{"line":32,"column":9},"end":{"line":32,"column":8}},"type":"binary-expr","locations":[{"start":{"line":32,"column":9},"end":{"line":32,"column":8}}]}},"s":{"0":0,"1":0,"2":0,"3":0,"4":0,"5":0},"f":{"0":0,"1":0,"2":0},"b":{"0":[0],"1":[0]}}
,"D:\\project\\card-niu\\calf-ui\\src\\common\\helpers\\util.js": {"path":"D:\\project\\card-niu\\calf-ui\\src\\common\\helpers\\util.js","statementMap":{"0":{"start":{"line":2,"column":2},"end":{"line":4,"column":3}},"1":{"start":{"line":3,"column":4},"end":{"line":null,"column":-1}},"2":{"start":{"line":20,"column":2},"end":{"line":26,"column":3}},"3":{"start":{"line":21,"column":4},"end":{"line":25,"column":5}},"4":{"start":{"line":22,"column":6},"end":{"line":null,"column":-1}},"5":{"start":{"line":24,"column":6},"end":{"line":null,"column":-1}},"6":{"start":{"line":30,"column":2},"end":{"line":null,"column":-1}},"7":{"start":{"line":30,"column":31},"end":{"line":null,"column":-1}},"8":{"start":{"line":30,"column":25},"end":{"line":30,"column":31}},"9":{"start":{"line":31,"column":4},"end":{"line":35,"column":5}},"10":{"start":{"line":32,"column":6},"end":{"line":null,"column":-1}},"11":{"start":{"line":36,"column":4},"end":{"line":null,"column":-1}},"12":{"start":{"line":41,"column":15},"end":{"line":41,"column":2}},"13":{"start":{"line":43,"column":2},"end":{"line":47,"column":3}},"14":{"start":{"line":44,"column":4},"end":{"line":null,"column":-1}},"15":{"start":{"line":46,"column":4},"end":{"line":null,"column":-1}},"16":{"start":{"line":50,"column":19},"end":{"line":50,"column":0}},"17":{"start":{"line":52,"column":4},"end":{"line":null,"column":-1}},"18":{"start":{"line":55,"column":4},"end":{"line":null,"column":-1}},"19":{"start":{"line":58,"column":4},"end":{"line":null,"column":-1}},"20":{"start":{"line":61,"column":4},"end":{"line":null,"column":-1}},"21":{"start":{"line":64,"column":4},"end":{"line":68,"column":5}},"22":{"start":{"line":65,"column":6},"end":{"line":null,"column":-1}},"23":{"start":{"line":67,"column":6},"end":{"line":null,"column":-1}},"24":{"start":{"line":72,"column":2},"end":{"line":74,"column":3}},"25":{"start":{"line":73,"column":4},"end":{"line":null,"column":-1}},"26":{"start":{"line":75,"column":2},"end":{"line":83,"column":3}},"27":{"start":{"line":76,"column":18},"end":{"line":76,"column":4}},"28":{"start":{"line":77,"column":25},"end":{"line":77,"column":4}},"29":{"start":{"line":78,"column":4},"end":{"line":null,"column":-1}},"30":{"start":{"line":80,"column":4},"end":{"line":null,"column":-1}},"31":{"start":{"line":81,"column":6},"end":{"line":null,"column":-1}},"32":{"start":{"line":87,"column":18},"end":{"line":87,"column":2}},"33":{"start":{"line":88,"column":16},"end":{"line":88,"column":2}},"34":{"start":{"line":89,"column":19},"end":{"line":89,"column":2}},"35":{"start":{"line":90,"column":2},"end":{"line":92,"column":3}},"36":{"start":{"line":91,"column":4},"end":{"line":null,"column":-1}},"37":{"start":{"line":93,"column":2},"end":{"line":null,"column":-1}},"38":{"start":{"line":94,"column":4},"end":{"line":null,"column":-1}},"39":{"start":{"line":95,"column":6},"end":{"line":null,"column":-1}},"40":{"start":{"line":96,"column":6},"end":{"line":null,"column":-1}},"41":{"start":{"line":97,"column":6},"end":{"line":100,"column":7}},"42":{"start":{"line":99,"column":8},"end":{"line":null,"column":-1}},"43":{"start":{"line":106,"column":6},"end":{"line":106,"column":2}},"44":{"start":{"line":107,"column":2},"end":{"line":116,"column":3}},"45":{"start":{"line":108,"column":16},"end":{"line":108,"column":4}},"46":{"start":{"line":109,"column":4},"end":{"line":null,"column":-1}},"47":{"start":{"line":110,"column":6},"end":{"line":null,"column":-1}},"48":{"start":{"line":111,"column":8},"end":{"line":null,"column":-1}},"49":{"start":{"line":112,"column":8},"end":{"line":null,"column":-1}},"50":{"start":{"line":115,"column":4},"end":{"line":null,"column":-1}},"51":{"start":{"line":117,"column":2},"end":{"line":null,"column":-1}},"52":{"start":{"line":121,"column":6},"end":{"line":121,"column":2}},"53":{"start":{"line":122,"column":15},"end":{"line":122,"column":2}},"54":{"start":{"line":124,"column":16},"end":{"line":124,"column":2}},"55":{"start":{"line":125,"column":4},"end":{"line":null,"column":-1}},"56":{"start":{"line":126,"column":4},"end":{"line":128,"column":5}},"57":{"start":{"line":127,"column":6},"end":{"line":null,"column":-1}},"58":{"start":{"line":131,"column":20},"end":{"line":131,"column":2}},"59":{"start":{"line":131,"column":39},"end":{"line":131,"column":32}},"60":{"start":{"line":131,"column":39},"end":{"line":null,"column":-1}},"61":{"start":{"line":131,"column":33},"end":{"line":131,"column":39}},"62":{"start":{"line":132,"column":4},"end":{"line":134,"column":5}},"63":{"start":{"line":133,"column":6},"end":{"line":null,"column":-1}},"64":{"start":{"line":135,"column":4},"end":{"line":145,"column":5}},"65":{"start":{"line":136,"column":22},"end":{"line":136,"column":6}},"66":{"start":{"line":137,"column":6},"end":{"line":null,"column":-1}},"67":{"start":{"line":138,"column":6},"end":{"line":140,"column":7}},"68":{"start":{"line":139,"column":8},"end":{"line":null,"column":-1}},"69":{"start":{"line":142,"column":6},"end":{"line":null,"column":-1}},"70":{"start":{"line":143,"column":8},"end":{"line":null,"column":-1}},"71":{"start":{"line":147,"column":4},"end":{"line":null,"column":-1}},"72":{"start":{"line":150,"column":2},"end":{"line":null,"column":-1}},"73":{"start":{"line":151,"column":4},"end":{"line":null,"column":-1}},"74":{"start":{"line":152,"column":4},"end":{"line":null,"column":-1}},"75":{"start":{"line":155,"column":2},"end":{"line":null,"column":-1}}},"fnMap":{"0":{"name":"findIndex","decl":{"start":{"line":1,"column":9},"end":{"line":1,"column":0}},"loc":{"start":{"line":1,"column":28},"end":{"line":17,"column":1}}},"1":{"name":"deepAssign","decl":{"start":{"line":19,"column":9},"end":{"line":19,"column":0}},"loc":{"start":{"line":19,"column":30},"end":{"line":27,"column":1}}},"2":{"name":"createAddAPI","decl":{"start":{"line":29,"column":9},"end":{"line":29,"column":0}},"loc":{"start":{"line":29,"column":31},"end":{"line":38,"column":1}}},"3":{"name":"add","decl":{"start":{"line":30,"column":18},"end":{"line":30,"column":9}},"loc":{"start":{"line":30,"column":31},"end":{"line":30,"column":2}}},"4":{"name":"toLocaleDateString","decl":{"start":{"line":40,"column":9},"end":{"line":40,"column":0}},"loc":{"start":{"line":40,"column":47},"end":{"line":48,"column":1}}},"5":{"name":"_set","decl":{"start":{"line":50,"column":19},"end":{"line":51,"column":6}},"loc":{"start":{"line":51,"column":24},"end":{"line":50,"column":19}}},"6":{"name":"string","decl":{"start":{"line":50,"column":19},"end":{"line":54,"column":8}},"loc":{"start":{"line":54,"column":19},"end":{"line":50,"column":19}}},"7":{"name":"number","decl":{"start":{"line":50,"column":19},"end":{"line":57,"column":8}},"loc":{"start":{"line":57,"column":19},"end":{"line":50,"column":19}}},"8":{"name":"boolean","decl":{"start":{"line":50,"column":19},"end":{"line":60,"column":9}},"loc":{"start":{"line":60,"column":20},"end":{"line":50,"column":19}}},"9":{"name":"object","decl":{"start":{"line":50,"column":19},"end":{"line":63,"column":8}},"loc":{"start":{"line":63,"column":26},"end":{"line":50,"column":19}}},"10":{"name":"resetTypeValue","decl":{"start":{"line":71,"column":9},"end":{"line":71,"column":0}},"loc":{"start":{"line":71,"column":42},"end":{"line":84,"column":1}}},"11":{"name":"(anonymous_12)","decl":{"start":{"line":80,"column":29},"end":{"line":80,"column":29}},"loc":{"start":{"line":80,"column":38},"end":{"line":80,"column":4}}},"12":{"name":"parallel","decl":{"start":{"line":86,"column":9},"end":{"line":86,"column":0}},"loc":{"start":{"line":86,"column":29},"end":{"line":103,"column":1}}},"13":{"name":"(anonymous_14)","decl":{"start":{"line":93,"column":16},"end":{"line":93,"column":16}},"loc":{"start":{"line":93,"column":29},"end":{"line":93,"column":2}}},"14":{"name":"(anonymous_15)","decl":{"start":{"line":94,"column":9},"end":{"line":94,"column":9}},"loc":{"start":{"line":94,"column":18},"end":{"line":94,"column":4}}},"15":{"name":"cb2PromiseWithResolve","decl":{"start":{"line":105,"column":9},"end":{"line":105,"column":0}},"loc":{"start":{"line":105,"column":35},"end":{"line":118,"column":1}}},"16":{"name":"(anonymous_17)","decl":{"start":{"line":109,"column":33},"end":{"line":109,"column":33}},"loc":{"start":{"line":109,"column":46},"end":{"line":109,"column":14}}},"17":{"name":"cb","decl":{"start":{"line":110,"column":11},"end":{"line":110,"column":11}},"loc":{"start":{"line":110,"column":21},"end":{"line":110,"column":6}}},"18":{"name":"later","decl":{"start":{"line":124,"column":8},"end":{"line":124,"column":16}},"loc":{"start":{"line":124,"column":41},"end":{"line":124,"column":2}}},"19":{"name":"debounced","decl":{"start":{"line":131,"column":8},"end":{"line":131,"column":20}},"loc":{"start":{"line":131,"column":39},"end":{"line":131,"column":2}}},"20":{"name":"(anonymous_22)","decl":{"start":{"line":142,"column":27},"end":{"line":142,"column":32}},"loc":{"start":{"line":142,"column":33},"end":{"line":142,"column":16}}},"21":{"name":"(anonymous_23)","decl":{"start":{"line":150,"column":21},"end":{"line":150,"column":32}},"loc":{"start":{"line":150,"column":33},"end":{"line":150,"column":2}}}},"branchMap":{"0":{"loc":{"start":{"line":2,"column":2},"end":{"line":4,"column":3}},"type":"if","locations":[{"start":{"line":2,"column":2},"end":{"line":4,"column":3}},{"start":{"line":2,"column":2},"end":{"line":4,"column":3}}]},"1":{"loc":{"start":{"line":21,"column":4},"end":{"line":25,"column":5}},"type":"if","locations":[{"start":{"line":21,"column":4},"end":{"line":25,"column":5}},{"start":{"line":21,"column":4},"end":{"line":25,"column":5}}]},"2":{"loc":{"start":{"line":21,"column":8},"end":{"line":21,"column":7}},"type":"binary-expr","locations":[{"start":{"line":21,"column":8},"end":{"line":21,"column":7}},{"start":{"line":21,"column":20},"end":{"line":21,"column":4}}]},"3":{"loc":{"start":{"line":31,"column":4},"end":{"line":35,"column":5}},"type":"if","locations":[{"start":{"line":31,"column":4},"end":{"line":35,"column":5}},{"start":{"line":31,"column":4},"end":{"line":35,"column":5}}]},"4":{"loc":{"start":{"line":43,"column":2},"end":{"line":47,"column":3}},"type":"if","locations":[{"start":{"line":43,"column":2},"end":{"line":47,"column":3}},{"start":{"line":43,"column":2},"end":{"line":47,"column":3}}]},"5":{"loc":{"start":{"line":64,"column":4},"end":{"line":68,"column":5}},"type":"if","locations":[{"start":{"line":64,"column":4},"end":{"line":68,"column":5}},{"start":{"line":64,"column":4},"end":{"line":68,"column":5}}]},"6":{"loc":{"start":{"line":72,"column":2},"end":{"line":74,"column":3}},"type":"if","locations":[{"start":{"line":72,"column":2},"end":{"line":74,"column":3}},{"start":{"line":72,"column":2},"end":{"line":74,"column":3}}]},"7":{"loc":{"start":{"line":75,"column":2},"end":{"line":83,"column":3}},"type":"if","locations":[{"start":{"line":75,"column":2},"end":{"line":83,"column":3}},{"start":{"line":75,"column":2},"end":{"line":83,"column":3}}]},"8":{"loc":{"start":{"line":77,"column":25},"end":{"line":77,"column":42}},"type":"cond-expr","locations":[{"start":{"line":77,"column":25},"end":{"line":77,"column":42}},{"start":{"line":77,"column":25},"end":{"line":77,"column":3}}]},"9":{"loc":{"start":{"line":78,"column":4},"end":{"line":78,"column":19}},"type":"binary-expr","locations":[{"start":{"line":78,"column":4},"end":{"line":78,"column":19}},{"start":{"line":78,"column":20},"end":{"line":78,"column":4}}]},"10":{"loc":{"start":{"line":90,"column":2},"end":{"line":92,"column":3}},"type":"if","locations":[{"start":{"line":90,"column":2},"end":{"line":92,"column":3}},{"start":{"line":90,"column":2},"end":{"line":92,"column":3}}]},"11":{"loc":{"start":{"line":97,"column":6},"end":{"line":100,"column":7}},"type":"if","locations":[{"start":{"line":97,"column":6},"end":{"line":100,"column":7}},{"start":{"line":97,"column":6},"end":{"line":100,"column":7}}]},"12":{"loc":{"start":{"line":107,"column":2},"end":{"line":116,"column":3}},"type":"if","locations":[{"start":{"line":107,"column":2},"end":{"line":116,"column":3}},{"start":{"line":107,"column":2},"end":{"line":116,"column":3}}]},"13":{"loc":{"start":{"line":111,"column":8},"end":{"line":111,"column":14}},"type":"binary-expr","locations":[{"start":{"line":111,"column":8},"end":{"line":111,"column":14}},{"start":{"line":111,"column":15},"end":{"line":111,"column":8}}]},"14":{"loc":{"start":{"line":126,"column":4},"end":{"line":128,"column":5}},"type":"if","locations":[{"start":{"line":126,"column":4},"end":{"line":128,"column":5}},{"start":{"line":126,"column":4},"end":{"line":128,"column":5}}]},"15":{"loc":{"start":{"line":132,"column":4},"end":{"line":134,"column":5}},"type":"if","locations":[{"start":{"line":132,"column":4},"end":{"line":134,"column":5}},{"start":{"line":132,"column":4},"end":{"line":134,"column":5}}]},"16":{"loc":{"start":{"line":135,"column":4},"end":{"line":145,"column":5}},"type":"if","locations":[{"start":{"line":135,"column":4},"end":{"line":145,"column":5}},{"start":{"line":135,"column":4},"end":{"line":145,"column":5}}]},"17":{"loc":{"start":{"line":138,"column":6},"end":{"line":140,"column":7}},"type":"if","locations":[{"start":{"line":138,"column":6},"end":{"line":140,"column":7}},{"start":{"line":138,"column":6},"end":{"line":140,"column":7}}]}},"s":{"0":0,"1":0,"2":0,"3":0,"4":0,"5":0,"6":0,"7":0,"8":0,"9":0,"10":0,"11":0,"12":0,"13":0,"14":0,"15":0,"16":0,"17":0,"18":0,"19":0,"20":0,"21":0,"22":0,"23":0,"24":0,"25":0,"26":0,"27":0,"28":0,"29":0,"30":0,"31":0,"32":0,"33":0,"34":0,"35":0,"36":0,"37":0,"38":0,"39":0,"40":0,"41":0,"42":0,"43":0,"44":0,"45":0,"46":0,"47":0,"48":0,"49":0,"50":0,"51":0,"52":0,"53":0,"54":0,"55":0,"56":0,"57":0,"58":0,"59":0,"60":0,"61":0,"62":0,"63":0,"64":0,"65":0,"66":0,"67":0,"68":0,"69":0,"70":0,"71":0,"72":0,"73":0,"74":0,"75":0},"f":{"0":0,"1":0,"2":0,"3":0,"4":0,"5":0,"6":0,"7":0,"8":0,"9":0,"10":0,"11":0,"12":0,"13":0,"14":0,"15":0,"16":0,"17":0,"18":0,"19":0,"20":0,"21":0},"b":{"0":[0,0],"1":[0,0],"2":[0,0],"3":[0,0],"4":[0,0],"5":[0,0],"6":[0,0],"7":[0,0],"8":[0,0],"9":[0,0],"10":[0,0],"11":[0,0],"12":[0,0],"13":[0,0],"14":[0,0],"15":[0,0],"16":[0,0],"17":[0,0]}}
,"D:\\project\\card-niu\\calf-ui\\src\\common\\helpers\\validator\\messages.js": {"path":"D:\\project\\card-niu\\calf-ui\\src\\common\\helpers\\validator\\messages.js","statementMap":{"0":{"start":{"line":1,"column":0},"end":{"line":null,"column":-1}},"1":{"start":{"line":2,"column":0},"end":{"line":null,"column":-1}},"2":{"start":{"line":3,"column":0},"end":{"line":null,"column":-1}},"3":{"start":{"line":5,"column":15},"end":{"line":5,"column":0}},"4":{"start":{"line":7,"column":17},"end":{"line":7,"column":0}},"5":{"start":{"line":13,"column":17},"end":{"line":13,"column":2}},"6":{"start":{"line":14,"column":2},"end":{"line":16,"column":3}},"7":{"start":{"line":15,"column":4},"end":{"line":null,"column":-1}},"8":{"start":{"line":17,"column":2},"end":{"line":24,"column":3}},"9":{"start":{"line":18,"column":4},"end":{"line":null,"column":-1}},"10":{"start":{"line":20,"column":4},"end":{"line":22,"column":5}},"11":{"start":{"line":21,"column":6},"end":{"line":null,"column":-1}},"12":{"start":{"line":23,"column":4},"end":{"line":null,"column":-1}},"13":{"start":{"line":27,"column":21},"end":{"line":27,"column":0}},"14":{"start":{"line":28,"column":21},"end":{"line":28,"column":0}},"15":{"start":{"line":31,"column":2},"end":{"line":35,"column":3}},"16":{"start":{"line":32,"column":4},"end":{"line":null,"column":-1}},"17":{"start":{"line":34,"column":4},"end":{"line":null,"column":-1}},"18":{"start":{"line":39,"column":2},"end":{"line":null,"column":-1}}},"fnMap":{"0":{"name":"findMessage","decl":{"start":{"line":12,"column":9},"end":{"line":12,"column":0}},"loc":{"start":{"line":12,"column":46},"end":{"line":25,"column":1}}},"1":{"name":"addMessage","decl":{"start":{"line":30,"column":9},"end":{"line":30,"column":0}},"loc":{"start":{"line":30,"column":30},"end":{"line":36,"column":1}}}},"branchMap":{"0":{"loc":{"start":{"line":14,"column":2},"end":{"line":16,"column":3}},"type":"if","locations":[{"start":{"line":14,"column":2},"end":{"line":16,"column":3}},{"start":{"line":14,"column":2},"end":{"line":16,"column":3}}]},"1":{"loc":{"start":{"line":17,"column":2},"end":{"line":24,"column":3}},"type":"if","locations":[{"start":{"line":17,"column":2},"end":{"line":24,"column":3}},{"start":{"line":17,"column":2},"end":{"line":24,"column":3}}]},"2":{"loc":{"start":{"line":20,"column":4},"end":{"line":22,"column":5}},"type":"if","locations":[{"start":{"line":20,"column":4},"end":{"line":22,"column":5}},{"start":{"line":20,"column":4},"end":{"line":22,"column":5}}]},"3":{"loc":{"start":{"line":21,"column":34},"end":{"line":21,"column":13}},"type":"cond-expr","locations":[{"start":{"line":21,"column":34},"end":{"line":21,"column":13}},{"start":{"line":21,"column":13},"end":{"line":21,"column":6}}]},"4":{"loc":{"start":{"line":21,"column":13},"end":{"line":21,"column":50}},"type":"cond-expr","locations":[{"start":{"line":21,"column":13},"end":{"line":21,"column":50}},{"start":{"line":21,"column":13},"end":{"line":21,"column":6}}]},"5":{"loc":{"start":{"line":23,"column":48},"end":{"line":23,"column":11}},"type":"cond-expr","locations":[{"start":{"line":23,"column":48},"end":{"line":23,"column":11}},{"start":{"line":23,"column":71},"end":{"line":23,"column":4}}]},"6":{"loc":{"start":{"line":31,"column":2},"end":{"line":35,"column":3}},"type":"if","locations":[{"start":{"line":31,"column":2},"end":{"line":35,"column":3}},{"start":{"line":31,"column":2},"end":{"line":35,"column":3}}]}},"s":{"0":0,"1":0,"2":0,"3":0,"4":0,"5":0,"6":0,"7":0,"8":0,"9":0,"10":0,"11":0,"12":0,"13":0,"14":0,"15":0,"16":0,"17":0,"18":0},"f":{"0":0,"1":0},"b":{"0":[0,0],"1":[0,0],"2":[0,0],"3":[0,0],"4":[0,0],"5":[0,0],"6":[0,0]}}
,"D:\\project\\card-niu\\calf-ui\\src\\common\\helpers\\validator\\rules.js": {"path":"D:\\project\\card-niu\\calf-ui\\src\\common\\helpers\\validator\\rules.js","statementMap":{"0":{"start":{"line":1,"column":0},"end":{"line":null,"column":-1}},"1":{"start":{"line":2,"column":0},"end":{"line":null,"column":-1}},"2":{"start":{"line":4,"column":14},"end":{"line":4,"column":0}},"3":{"start":{"line":6,"column":4},"end":{"line":null,"column":-1}},"4":{"start":{"line":7,"column":4},"end":{"line":9,"column":5}},"5":{"start":{"line":8,"column":6},"end":{"line":null,"column":-1}},"6":{"start":{"line":10,"column":4},"end":{"line":null,"column":-1}},"7":{"start":{"line":13,"column":4},"end":{"line":null,"column":-1}},"8":{"start":{"line":16,"column":4},"end":{"line":null,"column":-1}},"9":{"start":{"line":17,"column":4},"end":{"line":21,"column":5}},"10":{"start":{"line":18,"column":6},"end":{"line":null,"column":-1}},"11":{"start":{"line":20,"column":6},"end":{"line":null,"column":-1}},"12":{"start":{"line":24,"column":4},"end":{"line":null,"column":-1}},"13":{"start":{"line":25,"column":4},"end":{"line":29,"column":5}},"14":{"start":{"line":26,"column":6},"end":{"line":null,"column":-1}},"15":{"start":{"line":28,"column":6},"end":{"line":null,"column":-1}},"16":{"start":{"line":32,"column":4},"end":{"line":null,"column":-1}},"17":{"start":{"line":33,"column":17},"end":{"line":33,"column":4}},"18":{"start":{"line":34,"column":4},"end":{"line":36,"column":5}},"19":{"start":{"line":35,"column":6},"end":{"line":null,"column":-1}},"20":{"start":{"line":37,"column":4},"end":{"line":null,"column":-1}},"21":{"start":{"line":40,"column":4},"end":{"line":null,"column":-1}},"22":{"start":{"line":43,"column":4},"end":{"line":null,"column":-1}},"23":{"start":{"line":46,"column":4},"end":{"line":null,"column":-1}},"24":{"start":{"line":50,"column":16},"end":{"line":50,"column":0}}},"fnMap":{"0":{"name":"required","decl":{"start":{"line":5,"column":12},"end":{"line":5,"column":12}},"loc":{"start":{"line":5,"column":37},"end":{"line":4,"column":14}}},"1":{"name":"type","decl":{"start":{"line":12,"column":8},"end":{"line":12,"column":8}},"loc":{"start":{"line":12,"column":23},"end":{"line":4,"column":14}}},"2":{"name":"min","decl":{"start":{"line":15,"column":7},"end":{"line":15,"column":7}},"loc":{"start":{"line":15,"column":27},"end":{"line":4,"column":14}}},"3":{"name":"max","decl":{"start":{"line":23,"column":7},"end":{"line":23,"column":7}},"loc":{"start":{"line":23,"column":27},"end":{"line":4,"column":14}}},"4":{"name":"len","decl":{"start":{"line":31,"column":7},"end":{"line":31,"column":7}},"loc":{"start":{"line":31,"column":27},"end":{"line":4,"column":14}}},"5":{"name":"notWhitespace","decl":{"start":{"line":39,"column":17},"end":{"line":39,"column":17}},"loc":{"start":{"line":39,"column":40},"end":{"line":4,"column":14}}},"6":{"name":"pattern","decl":{"start":{"line":42,"column":11},"end":{"line":42,"column":11}},"loc":{"start":{"line":42,"column":35},"end":{"line":4,"column":14}}},"7":{"name":"custom","decl":{"start":{"line":45,"column":10},"end":{"line":45,"column":10}},"loc":{"start":{"line":45,"column":33},"end":{"line":4,"column":14}}}},"branchMap":{"0":{"loc":{"start":{"line":6,"column":11},"end":{"line":6,"column":19}},"type":"binary-expr","locations":[{"start":{"line":6,"column":11},"end":{"line":6,"column":19}},{"start":{"line":6,"column":20},"end":{"line":6,"column":11}}]},"1":{"loc":{"start":{"line":6,"column":41},"end":{"line":6,"column":20}},"type":"cond-expr","locations":[{"start":{"line":6,"column":41},"end":{"line":6,"column":20}},{"start":{"line":6,"column":20},"end":{"line":6,"column":11}}]},"2":{"loc":{"start":{"line":6,"column":20},"end":{"line":6,"column":57}},"type":"cond-expr","locations":[{"start":{"line":6,"column":20},"end":{"line":6,"column":57}},{"start":{"line":6,"column":20},"end":{"line":6,"column":11}}]},"3":{"loc":{"start":{"line":7,"column":4},"end":{"line":9,"column":5}},"type":"if","locations":[{"start":{"line":7,"column":4},"end":{"line":9,"column":5}},{"start":{"line":7,"column":4},"end":{"line":9,"column":5}}]},"4":{"loc":{"start":{"line":7,"column":8},"end":{"line":7,"column":7}},"type":"binary-expr","locations":[{"start":{"line":7,"column":8},"end":{"line":7,"column":7}},{"start":{"line":7,"column":28},"end":{"line":7,"column":4}}]},"5":{"loc":{"start":{"line":10,"column":11},"end":{"line":10,"column":10}},"type":"binary-expr","locations":[{"start":{"line":10,"column":11},"end":{"line":10,"column":10}},{"start":{"line":10,"column":25},"end":{"line":10,"column":11}},{"start":{"line":10,"column":46},"end":{"line":10,"column":4}}]},"6":{"loc":{"start":{"line":13,"column":11},"end":{"line":13,"column":10}},"type":"binary-expr","locations":[{"start":{"line":13,"column":11},"end":{"line":13,"column":10}},{"start":{"line":13,"column":27},"end":{"line":13,"column":4}}]},"7":{"loc":{"start":{"line":16,"column":11},"end":{"line":16,"column":26}},"type":"binary-expr","locations":[{"start":{"line":16,"column":11},"end":{"line":16,"column":26}},{"start":{"line":16,"column":11},"end":{"line":16,"column":3}}]},"8":{"loc":{"start":{"line":17,"column":4},"end":{"line":21,"column":5}},"type":"if","locations":[{"start":{"line":17,"column":4},"end":{"line":21,"column":5}},{"start":{"line":17,"column":4},"end":{"line":21,"column":5}}]},"9":{"loc":{"start":{"line":17,"column":8},"end":{"line":17,"column":7}},"type":"binary-expr","locations":[{"start":{"line":17,"column":8},"end":{"line":17,"column":7}},{"start":{"line":17,"column":29},"end":{"line":17,"column":4}}]},"10":{"loc":{"start":{"line":24,"column":11},"end":{"line":24,"column":26}},"type":"binary-expr","locations":[{"start":{"line":24,"column":11},"end":{"line":24,"column":26}},{"start":{"line":24,"column":11},"end":{"line":24,"column":3}}]},"11":{"loc":{"start":{"line":25,"column":4},"end":{"line":29,"column":5}},"type":"if","locations":[{"start":{"line":25,"column":4},"end":{"line":29,"column":5}},{"start":{"line":25,"column":4},"end":{"line":29,"column":5}}]},"12":{"loc":{"start":{"line":25,"column":8},"end":{"line":25,"column":7}},"type":"binary-expr","locations":[{"start":{"line":25,"column":8},"end":{"line":25,"column":7}},{"start":{"line":25,"column":29},"end":{"line":25,"column":4}}]},"13":{"loc":{"start":{"line":32,"column":11},"end":{"line":32,"column":26}},"type":"binary-expr","locations":[{"start":{"line":32,"column":11},"end":{"line":32,"column":26}},{"start":{"line":32,"column":11},"end":{"line":32,"column":3}}]},"14":{"loc":{"start":{"line":34,"column":4},"end":{"line":36,"column":5}},"type":"if","locations":[{"start":{"line":34,"column":4},"end":{"line":36,"column":5}},{"start":{"line":34,"column":4},"end":{"line":36,"column":5}}]},"15":{"loc":{"start":{"line":35,"column":35},"end":{"line":35,"column":15}},"type":"cond-expr","locations":[{"start":{"line":35,"column":35},"end":{"line":35,"column":15}},{"start":{"line":35,"column":57},"end":{"line":35,"column":6}}]}},"s":{"0":0,"1":0,"2":0,"3":0,"4":0,"5":0,"6":0,"7":0,"8":0,"9":0,"10":0,"11":0,"12":0,"13":0,"14":0,"15":0,"16":0,"17":0,"18":0,"19":0,"20":0,"21":0,"22":0,"23":0,"24":0},"f":{"0":0,"1":0,"2":0,"3":0,"4":0,"5":0,"6":0,"7":0},"b":{"0":[0,0],"1":[0,0],"2":[0,0],"3":[0,0],"4":[0,0],"5":[0,0,0],"6":[0,0],"7":[0,0],"8":[0,0],"9":[0,0],"10":[0,0],"11":[0,0],"12":[0,0],"13":[0,0],"14":[0,0],"15":[0,0]}}
,"D:\\project\\card-niu\\calf-ui\\src\\common\\helpers\\validator\\types.js": {"path":"D:\\project\\card-niu\\calf-ui\\src\\common\\helpers\\validator\\types.js","statementMap":{"0":{"start":{"line":1,"column":0},"end":{"line":null,"column":-1}},"1":{"start":{"line":2,"column":14},"end":{"line":2,"column":0}},"2":{"start":{"line":4,"column":4},"end":{"line":null,"column":-1}},"3":{"start":{"line":7,"column":4},"end":{"line":null,"column":-1}},"4":{"start":{"line":10,"column":4},"end":{"line":null,"column":-1}},"5":{"start":{"line":13,"column":4},"end":{"line":null,"column":-1}},"6":{"start":{"line":16,"column":4},"end":{"line":null,"column":-1}},"7":{"start":{"line":19,"column":4},"end":{"line":null,"column":-1}},"8":{"start":{"line":22,"column":4},"end":{"line":null,"column":-1}},"9":{"start":{"line":26,"column":16},"end":{"line":26,"column":0}}},"fnMap":{"0":{"name":"string","decl":{"start":{"line":3,"column":10},"end":{"line":3,"column":10}},"loc":{"start":{"line":3,"column":19},"end":{"line":2,"column":14}}},"1":{"name":"number","decl":{"start":{"line":6,"column":10},"end":{"line":6,"column":10}},"loc":{"start":{"line":6,"column":19},"end":{"line":2,"column":14}}},"2":{"name":"array","decl":{"start":{"line":9,"column":9},"end":{"line":9,"column":9}},"loc":{"start":{"line":9,"column":18},"end":{"line":2,"column":14}}},"3":{"name":"date","decl":{"start":{"line":12,"column":8},"end":{"line":12,"column":8}},"loc":{"start":{"line":12,"column":17},"end":{"line":2,"column":14}}},"4":{"name":"email","decl":{"start":{"line":15,"column":9},"end":{"line":15,"column":9}},"loc":{"start":{"line":15,"column":18},"end":{"line":2,"column":14}}},"5":{"name":"tel","decl":{"start":{"line":18,"column":7},"end":{"line":18,"column":7}},"loc":{"start":{"line":18,"column":16},"end":{"line":2,"column":14}}},"6":{"name":"url","decl":{"start":{"line":21,"column":7},"end":{"line":21,"column":7}},"loc":{"start":{"line":21,"column":16},"end":{"line":2,"column":14}}}},"branchMap":{"0":{"loc":{"start":{"line":16,"column":11},"end":{"line":16,"column":10}},"type":"binary-expr","locations":[{"start":{"line":16,"column":11},"end":{"line":16,"column":10}},{"start":{"line":16,"column":38},"end":{"line":16,"column":4}}]},"1":{"loc":{"start":{"line":19,"column":11},"end":{"line":19,"column":10}},"type":"binary-expr","locations":[{"start":{"line":19,"column":11},"end":{"line":19,"column":10}},{"start":{"line":19,"column":38},"end":{"line":19,"column":4}}]},"2":{"loc":{"start":{"line":22,"column":11},"end":{"line":22,"column":10}},"type":"binary-expr","locations":[{"start":{"line":22,"column":11},"end":{"line":22,"column":10}},{"start":{"line":22,"column":38},"end":{"line":22,"column":4}}]}},"s":{"0":0,"1":0,"2":0,"3":0,"4":0,"5":0,"6":0,"7":0,"8":0,"9":0},"f":{"0":0,"1":0,"2":0,"3":0,"4":0,"5":0,"6":0},"b":{"0":[0,0],"1":[0,0],"2":[0,0]}}
,"D:\\project\\card-niu\\calf-ui\\src\\common\\helpers\\validator\\language\\chinese.js": {"path":"D:\\project\\card-niu\\calf-ui\\src\\common\\helpers\\validator\\language\\chinese.js","statementMap":{"0":{"start":{"line":1,"column":0},"end":{"line":null,"column":-1}}},"fnMap":{},"branchMap":{},"s":{"0":0},"f":{},"b":{}}
,"D:\\project\\card-niu\\calf-ui\\src\\common\\helpers\\validator\\language\\english.js": {"path":"D:\\project\\card-niu\\calf-ui\\src\\common\\helpers\\validator\\language\\english.js","statementMap":{"0":{"start":{"line":1,"column":0},"end":{"line":null,"column":-1}}},"fnMap":{},"branchMap":{},"s":{"0":0},"f":{},"b":{}}
,"D:\\project\\card-niu\\calf-ui\\src\\common\\lang\\string.js": {"path":"D:\\project\\card-niu\\calf-ui\\src\\common\\lang\\string.js","statementMap":{"0":{"start":{"line":1,"column":19},"end":{"line":1,"column":0}},"1":{"start":{"line":3,"column":2},"end":{"line":null,"column":-1}},"2":{"start":{"line":4,"column":2},"end":{"line":null,"column":-1}},"3":{"start":{"line":5,"column":4},"end":{"line":null,"column":-1}}},"fnMap":{"0":{"name":"camelize","decl":{"start":{"line":2,"column":16},"end":{"line":2,"column":7}},"loc":{"start":{"line":2,"column":30},"end":{"line":7,"column":1}}},"1":{"name":"(anonymous_1)","decl":{"start":{"line":4,"column":33},"end":{"line":4,"column":41}},"loc":{"start":{"line":4,"column":48},"end":{"line":4,"column":9}}}},"branchMap":{"0":{"loc":{"start":{"line":5,"column":15},"end":{"line":5,"column":11}},"type":"cond-expr","locations":[{"start":{"line":5,"column":15},"end":{"line":5,"column":11}},{"start":{"line":5,"column":33},"end":{"line":5,"column":4}}]}},"s":{"0":0,"1":0,"2":0,"3":0},"f":{"0":0,"1":0},"b":{"0":[0,0]}}
,"D:\\project\\card-niu\\calf-ui\\src\\common\\mixins\\basic-picker.js": {"path":"D:\\project\\card-niu\\calf-ui\\src\\common\\mixins\\basic-picker.js","statementMap":{"0":{"start":{"line":1,"column":21},"end":{"line":1,"column":0}},"1":{"start":{"line":11,"column":8},"end":{"line":null,"column":-1}},"2":{"start":{"line":17,"column":8},"end":{"line":null,"column":-1}},"3":{"start":{"line":23,"column":8},"end":{"line":null,"column":-1}},"4":{"start":{"line":29,"column":6},"end":{"line":null,"column":-1}},"5":{"start":{"line":32,"column":6},"end":{"line":null,"column":-1}},"6":{"start":{"line":37,"column":6},"end":{"line":null,"column":-1}},"7":{"start":{"line":40,"column":6},"end":{"line":null,"column":-1}}},"fnMap":{"0":{"name":"_default","decl":{"start":{"line":8,"column":10},"end":{"line":10,"column":15}},"loc":{"start":{"line":10,"column":16},"end":{"line":8,"column":10}}},"1":{"name":"_default","decl":{"start":{"line":14,"column":19},"end":{"line":16,"column":15}},"loc":{"start":{"line":16,"column":16},"end":{"line":14,"column":19}}},"2":{"name":"_default","decl":{"start":{"line":20,"column":11},"end":{"line":22,"column":15}},"loc":{"start":{"line":22,"column":16},"end":{"line":20,"column":11}}},"3":{"name":"valueKey","decl":{"start":{"line":27,"column":12},"end":{"line":28,"column":14}},"loc":{"start":{"line":28,"column":15},"end":{"line":27,"column":12}}},"4":{"name":"textKey","decl":{"start":{"line":27,"column":12},"end":{"line":31,"column":13}},"loc":{"start":{"line":31,"column":14},"end":{"line":27,"column":12}}},"5":{"name":"data","decl":{"start":{"line":35,"column":9},"end":{"line":36,"column":8}},"loc":{"start":{"line":36,"column":17},"end":{"line":35,"column":9}}},"6":{"name":"selectedIndex","decl":{"start":{"line":35,"column":9},"end":{"line":39,"column":17}},"loc":{"start":{"line":39,"column":26},"end":{"line":35,"column":9}}}},"branchMap":{"0":{"loc":{"start":{"line":29,"column":13},"end":{"line":29,"column":12}},"type":"binary-expr","locations":[{"start":{"line":29,"column":13},"end":{"line":29,"column":12}},{"start":{"line":29,"column":33},"end":{"line":29,"column":6}}]},"1":{"loc":{"start":{"line":32,"column":13},"end":{"line":32,"column":12}},"type":"binary-expr","locations":[{"start":{"line":32,"column":13},"end":{"line":32,"column":12}},{"start":{"line":32,"column":32},"end":{"line":32,"column":6}}]}},"s":{"0":0,"1":0,"2":0,"3":0,"4":0,"5":0,"6":0,"7":0},"f":{"0":0,"1":0,"2":0,"3":0,"4":0,"5":0,"6":0},"b":{"0":[0,0],"1":[0,0]}}
,"D:\\project\\card-niu\\calf-ui\\src\\common\\mixins\\visibility.js": {"path":"D:\\project\\card-niu\\calf-ui\\src\\common\\mixins\\visibility.js","statementMap":{"0":{"start":{"line":1,"column":21},"end":{"line":1,"column":0}},"1":{"start":{"line":15,"column":4},"end":{"line":null,"column":-1}},"2":{"start":{"line":23,"column":6},"end":{"line":null,"column":-1}},"3":{"start":{"line":28,"column":6},"end":{"line":null,"column":-1}},"4":{"start":{"line":31,"column":6},"end":{"line":null,"column":-1}},"5":{"start":{"line":34,"column":12},"end":{"line":null,"column":-1}},"6":{"start":{"line":35,"column":4},"end":{"line":null,"column":-1}},"7":{"start":{"line":38,"column":8},"end":{"line":42,"column":9}},"8":{"start":{"line":39,"column":10},"end":{"line":null,"column":-1}},"9":{"start":{"line":40,"column":15},"end":{"line":42,"column":9}},"10":{"start":{"line":41,"column":10},"end":{"line":null,"column":-1}}},"fnMap":{"0":{"name":"data","decl":{"start":{"line":3,"column":15},"end":{"line":14,"column":8}},"loc":{"start":{"line":14,"column":9},"end":{"line":3,"column":15}}},"1":{"name":"isVisible","decl":{"start":{"line":21,"column":9},"end":{"line":22,"column":13}},"loc":{"start":{"line":22,"column":22},"end":{"line":21,"column":9}}},"2":{"name":"show","decl":{"start":{"line":26,"column":11},"end":{"line":27,"column":10}},"loc":{"start":{"line":27,"column":11},"end":{"line":26,"column":11}}},"3":{"name":"hide","decl":{"start":{"line":26,"column":11},"end":{"line":30,"column":10}},"loc":{"start":{"line":30,"column":11},"end":{"line":26,"column":11}}},"4":{"name":"mounted","decl":{"start":{"line":3,"column":15},"end":{"line":34,"column":11}},"loc":{"start":{"line":34,"column":12},"end":{"line":3,"column":15}}},"5":{"name":"(anonymous_5)","decl":{"start":{"line":37,"column":6},"end":{"line":37,"column":6}},"loc":{"start":{"line":37,"column":26},"end":{"line":35,"column":4}}}},"branchMap":{"0":{"loc":{"start":{"line":38,"column":8},"end":{"line":42,"column":9}},"type":"if","locations":[{"start":{"line":38,"column":8},"end":{"line":42,"column":9}},{"start":{"line":38,"column":8},"end":{"line":42,"column":9}}]},"1":{"loc":{"start":{"line":40,"column":15},"end":{"line":42,"column":9}},"type":"if","locations":[{"start":{"line":40,"column":15},"end":{"line":42,"column":9}},{"start":{"line":40,"column":15},"end":{"line":42,"column":9}}]}},"s":{"0":0,"1":0,"2":0,"3":0,"4":0,"5":0,"6":0,"7":0,"8":0,"9":0,"10":0},"f":{"0":0,"1":0,"2":0,"3":0,"4":0,"5":0},"b":{"0":[0,0],"1":[0,0]}}
,"D:\\project\\card-niu\\calf-ui\\src\\components\\button\\button.vue": {"path":"D:\\project\\card-niu\\calf-ui\\src\\components\\button\\button.vue","statementMap":{"0":{"start":{"line":19,"column":0},"end":{"line":null,"column":-1}},"1":{"start":{"line":46,"column":0},"end":{"line":null,"column":-1}},"2":{"start":{"line":56,"column":0},"end":{"line":60,"column":0}},"3":{"start":{"line":57,"column":0},"end":{"line":null,"column":-1}},"4":{"start":{"line":58,"column":0},"end":{"line":null,"column":-1}},"5":{"start":{"line":59,"column":0},"end":{"line":null,"column":-1}},"6":{"start":{"line":61,"column":0},"end":{"line":null,"column":-1}}},"fnMap":{"0":{"name":"btnClass","decl":{"start":{"line":45,"column":0},"end":{"line":null,"column":-1}},"loc":{"start":{"line":45,"column":0},"end":{"line":52,"column":0}}},"1":{"name":"handleClick","decl":{"start":{"line":55,"column":0},"end":{"line":null,"column":-1}},"loc":{"start":{"line":55,"column":0},"end":{"line":62,"column":0}}}},"branchMap":{"0":{"loc":{"start":{"line":56,"column":0},"end":{"line":60,"column":0}},"type":"if","locations":[{"start":{"line":56,"column":0},"end":{"line":60,"column":0}},{"start":{"line":56,"column":0},"end":{"line":60,"column":0}}]},"1":{"loc":{"start":{"line":56,"column":0},"end":{"line":null,"column":-1}},"type":"binary-expr","locations":[{"start":{"line":56,"column":0},"end":{"line":null,"column":-1}},{"start":{"line":56,"column":0},"end":{"line":null,"column":-1}}]}},"s":{"0":0,"1":0,"2":0,"3":0,"4":0,"5":0,"6":0},"f":{"0":0,"1":0},"b":{"0":[0,0],"1":[0,0]}}
,"D:\\project\\card-niu\\calf-ui\\src\\components\\checkbox\\checkbox.vue": {"path":"D:\\project\\card-niu\\calf-ui\\src\\components\\checkbox\\checkbox.vue","statementMap":{"0":{"start":{"line":8,"column":0},"end":{"line":null,"column":-1}},"1":{"start":{"line":12,"column":0},"end":{"line":null,"column":-1}},"2":{"start":{"line":18,"column":0},"end":{"line":null,"column":-1}},"3":{"start":{"line":25,"column":0},"end":{"line":null,"column":-1}}},"fnMap":{"0":{"name":"data","decl":{"start":{"line":11,"column":0},"end":{"line":null,"column":-1}},"loc":{"start":{"line":11,"column":0},"end":{"line":15,"column":0}}},"1":{"name":"checkboxClass","decl":{"start":{"line":17,"column":0},"end":{"line":null,"column":-1}},"loc":{"start":{"line":17,"column":0},"end":{"line":21,"column":0}}},"2":{"name":"handleSelectCheckbox","decl":{"start":{"line":24,"column":0},"end":{"line":null,"column":-1}},"loc":{"start":{"line":24,"column":0},"end":{"line":26,"column":0}}},"3":{"name":"mounted","decl":{"start":{"line":28,"column":0},"end":{"line":null,"column":-1}},"loc":{"start":{"line":28,"column":0},"end":{"line":null,"column":-1}}}},"branchMap":{"0":{"loc":{"start":{"line":18,"column":0},"end":{"line":null,"column":-1}},"type":"cond-expr","locations":[{"start":{"line":18,"column":0},"end":{"line":null,"column":-1}},{"start":{"line":18,"column":0},"end":{"line":null,"column":-1}}]}},"s":{"0":0,"1":0,"2":0,"3":0},"f":{"0":0,"1":0,"2":0,"3":0},"b":{"0":[0,0]}}
[...]
,"D:\\project\\card-niu\\calf-ui\\src\\components\\dialog\\the-btns.vue": {"path":"D:\\project\\card-niu\\calf-ui\\src\\components\\dialog\\the-btns.vue","statementMap":{"0":{"start":{"line":32,"column":0},"end":{"line":null,"column":-1}},"1":{"start":{"line":34,"column":0},"end":{"line":null,"column":-1}},"2":{"start":{"line":39,"column":0},"end":{"line":null,"column":-1}},"3":{"start":{"line":44,"column":0},"end":{"line":51,"column":0}},"4":{"start":{"line":45,"column":0},"end":{"line":49,"column":0}},"5":{"start":{"line":46,"column":0},"end":{"line":null,"column":-1}},"6":{"start":{"line":50,"column":0},"end":{"line":null,"column":-1}},"7":{"start":{"line":55,"column":0},"end":{"line":null,"column":-1}},"8":{"start":{"line":69,"column":0},"end":{"line":null,"column":-1}},"9":{"start":{"line":77,"column":0},"end":{"line":null,"column":-1}},"10":{"start":{"line":85,"column":0},"end":{"line":null,"column":-1}},"11":{"start":{"line":88,"column":0},"end":{"line":null,"column":-1}},"12":{"start":{"line":93,"column":0},"end":{"line":95,"column":0}},"13":{"start":{"line":94,"column":0},"end":{"line":null,"column":-1}},"14":{"start":{"line":96,"column":0},"end":{"line":null,"column":-1}},"15":{"start":{"line":99,"column":0},"end":{"line":101,"column":0}},"16":{"start":{"line":100,"column":0},"end":{"line":null,"column":-1}},"17":{"start":{"line":102,"column":0},"end":{"line":null,"column":-1}}},"fnMap":{"0":{"name":"mergeBtn","decl":{"start":{"line":44,"column":0},"end":{"line":null,"column":-1}},"loc":{"start":{"line":44,"column":0},"end":{"line":51,"column":0}}},"1":{"name":"data","decl":{"start":{"line":54,"column":0},"end":{"line":null,"column":-1}},"loc":{"start":{"line":54,"column":0},"end":{"line":56,"column":0}}},"2":{"name":"_default","decl":{"start":{"line":68,"column":0},"end":{"line":null,"column":-1}},"loc":{"start":{"line":68,"column":0},"end":{"line":72,"column":0}}},"3":{"name":"_default","decl":{"start":{"line":76,"column":0},"end":{"line":null,"column":-1}},"loc":{"start":{"line":76,"column":0},"end":{"line":80,"column":0}}},"4":{"name":"mergeConfirmBtn","decl":{"start":{"line":84,"column":0},"end":{"line":null,"column":-1}},"loc":{"start":{"line":84,"column":0},"end":{"line":86,"column":0}}},"5":{"name":"mergeCancelBtn","decl":{"start":{"line":87,"column":0},"end":{"line":null,"column":-1}},"loc":{"start":{"line":87,"column":0},"end":{"line":89,"column":0}}},"6":{"name":"handleCancel","decl":{"start":{"line":92,"column":0},"end":{"line":null,"column":-1}},"loc":{"start":{"line":92,"column":0},"end":{"line":97,"column":0}}},"7":{"name":"handleConfirm","decl":{"start":{"line":98,"column":0},"end":{"line":null,"column":-1}},"loc":{"start":{"line":98,"column":0},"end":{"line":103,"column":0}}},"8":{"name":"mounted","decl":{"start":{"line":108,"column":0},"end":{"line":null,"column":-1}},"loc":{"start":{"line":108,"column":0},"end":{"line":null,"column":-1}}}},"branchMap":{"0":{"loc":{"start":{"line":45,"column":0},"end":{"line":49,"column":0}},"type":"if","locations":[{"start":{"line":45,"column":0},"end":{"line":49,"column":0}},{"start":{"line":45,"column":0},"end":{"line":49,"column":0}}]},"1":{"loc":{"start":{"line":93,"column":0},"end":{"line":95,"column":0}},"type":"if","locations":[{"start":{"line":93,"column":0},"end":{"line":95,"column":0}},{"start":{"line":93,"column":0},"end":{"line":95,"column":0}}]},"2":{"loc":{"start":{"line":99,"column":0},"end":{"line":101,"column":0}},"type":"if","locations":[{"start":{"line":99,"column":0},"end":{"line":101,"column":0}},{"start":{"line":99,"column":0},"end":{"line":101,"column":0}}]}},"s":{"0":0,"1":0,"2":0,"3":0,"4":0,"5":0,"6":0,"7":0,"8":0,"9":0,"10":0,"11":0,"12":0,"13":0,"14":0,"15":0,"16":0,"17":0},"f":{"0":0,"1":0,"2":0,"3":0,"4":0,"5":0,"6":0,"7":0,"8":0},"b":{"0":[0,0],"1":[0,0],"2":[0,0]}}
,"D:\\project\\card-niu\\calf-ui\\src\\components\\input\\input.vue": {"path":"D:\\project\\card-niu\\calf-ui\\src\\components\\input\\input.vue","statementMap":{"0":{"start":{"line":17,"column":0},"end":{"line":null,"column":-1}},"1":{"start":{"line":21,"column":0},"end":{"line":null,"column":-1}}},"fnMap":{"0":{"name":"data","decl":{"start":{"line":20,"column":0},"end":{"line":null,"column":-1}},"loc":{"start":{"line":20,"column":0},"end":{"line":22,"column":0}}},"1":{"name":"mounted","decl":{"start":{"line":31,"column":0},"end":{"line":null,"column":-1}},"loc":{"start":{"line":31,"column":0},"end":{"line":null,"column":-1}}}},"branchMap":{},"s":{"0":0,"1":0},"f":{"0":0,"1":0},"b":{}}
,"D:\\project\\card-niu\\calf-ui\\src\\components\\loading\\loading.vue": {"path":"D:\\project\\card-niu\\calf-ui\\src\\components\\loading\\loading.vue","statementMap":{"0":{"start":{"line":6,"column":0},"end":{"line":null,"column":-1}},"1":{"start":{"line":17,"column":0},"end":{"line":null,"column":-1}}},"fnMap":{"0":{"name":"target","decl":{"start":{"line":16,"column":0},"end":{"line":null,"column":-1}},"loc":{"start":{"line":16,"column":0},"end":{"line":18,"column":0}}}},"branchMap":{},"s":{"0":0,"1":0},"f":{"0":0},"b":{}}
,"D:\\project\\card-niu\\calf-ui\\src\\components\\popup\\popup.vue": {"path":"D:\\project\\card-niu\\calf-ui\\src\\components\\popup\\popup.vue","statementMap":{"0":{"start":{"line":15,"column":0},"end":{"line":null,"column":-1}},"1":{"start":{"line":16,"column":0},"end":{"line":null,"column":-1}},"2":{"start":{"line":17,"column":0},"end":{"line":null,"column":-1}},"3":{"start":{"line":38,"column":0},"end":{"line":null,"column":-1}},"4":{"start":{"line":43,"column":0},"end":{"line":null,"column":-1}}},"fnMap":{"0":{"name":"rootClass","decl":{"start":{"line":37,"column":0},"end":{"line":null,"column":-1}},"loc":{"start":{"line":37,"column":0},"end":{"line":39,"column":0}}},"1":{"name":"handleMask","decl":{"start":{"line":42,"column":0},"end":{"line":null,"column":-1}},"loc":{"start":{"line":42,"column":0},"end":{"line":44,"column":0}}}},"branchMap":{},"s":{"0":0,"1":0,"2":0,"3":0,"4":0},"f":{"0":0,"1":0},"b":{}}
,"D:\\project\\card-niu\\calf-ui\\src\\components\\switch\\switch.vue": {"path":"D:\\project\\card-niu\\calf-ui\\src\\components\\switch\\switch.vue","statementMap":{"0":{"start":{"line":10,"column":0},"end":{"line":null,"column":-1}},"1":{"start":{"line":12,"column":0},"end":{"line":null,"column":-1}},"2":{"start":{"line":27,"column":0},"end":{"line":null,"column":-1}},"3":{"start":{"line":33,"column":0},"end":{"line":null,"column":-1}},"4":{"start":{"line":36,"column":0},"end":{"line":null,"column":-1}}},"fnMap":{"0":{"name":"data","decl":{"start":{"line":26,"column":0},"end":{"line":null,"column":-1}},"loc":{"start":{"line":26,"column":0},"end":{"line":30,"column":0}}},"1":{"name":"value","decl":{"start":{"line":32,"column":0},"end":{"line":null,"column":-1}},"loc":{"start":{"line":32,"column":0},"end":{"line":34,"column":0}}},"2":{"name":"checkboxValue","decl":{"start":{"line":35,"column":0},"end":{"line":null,"column":-1}},"loc":{"start":{"line":35,"column":0},"end":{"line":37,"column":0}}}},"branchMap":{},"s":{"0":0,"1":0,"2":0,"3":0,"4":0},"f":{"0":0,"1":0,"2":0},"b":{}}
,"D:\\project\\card-niu\\calf-ui\\src\\components\\textarea\\textarea.vue": {"path":"D:\\project\\card-niu\\calf-ui\\src\\components\\textarea\\textarea.vue","statementMap":{"0":{"start":{"line":18,"column":0},"end":{"line":null,"column":-1}},"1":{"start":{"line":19,"column":0},"end":{"line":null,"column":-1}},"2":{"start":{"line":24,"column":0},"end":{"line":null,"column":-1}},"3":{"start":{"line":59,"column":0},"end":{"line":null,"column":-1}},"4":{"start":{"line":64,"column":0},"end":{"line":null,"column":-1}},"5":{"start":{"line":67,"column":0},"end":{"line":null,"column":-1}},"6":{"start":{"line":68,"column":0},"end":{"line":70,"column":0}},"7":{"start":{"line":69,"column":0},"end":{"line":null,"column":-1}},"8":{"start":{"line":75,"column":0},"end":{"line":null,"column":-1}},"9":{"start":{"line":76,"column":0},"end":{"line":null,"column":-1}},"10":{"start":{"line":77,"column":0},"end":{"line":null,"column":-1}},"11":{"start":{"line":80,"column":0},"end":{"line":null,"column":-1}},"12":{"start":{"line":81,"column":0},"end":{"line":83,"column":0}},"13":{"start":{"line":82,"column":0},"end":{"line":null,"column":-1}},"14":{"start":{"line":84,"column":0},"end":{"line":null,"column":-1}}},"fnMap":{"0":{"name":"data","decl":{"start":{"line":23,"column":0},"end":{"line":null,"column":-1}},"loc":{"start":{"line":23,"column":0},"end":{"line":29,"column":0}}},"1":{"name":"remain","decl":{"start":{"line":58,"column":0},"end":{"line":null,"column":-1}},"loc":{"start":{"line":58,"column":0},"end":{"line":60,"column":0}}},"2":{"name":"value","decl":{"start":{"line":63,"column":0},"end":{"line":null,"column":-1}},"loc":{"start":{"line":63,"column":0},"end":{"line":65,"column":0}}},"3":{"name":"textareaValue","decl":{"start":{"line":66,"column":0},"end":{"line":null,"column":-1}},"loc":{"start":{"line":66,"column":0},"end":{"line":71,"column":0}}},"4":{"name":"handleFocus","decl":{"start":{"line":74,"column":0},"end":{"line":null,"column":-1}},"loc":{"start":{"line":74,"column":0},"end":{"line":78,"column":0}}},"5":{"name":"handleBlur","decl":{"start":{"line":79,"column":0},"end":{"line":null,"column":-1}},"loc":{"start":{"line":79,"column":0},"end":{"line":85,"column":0}}}},"branchMap":{"0":{"loc":{"start":{"line":68,"column":0},"end":{"line":70,"column":0}},"type":"if","locations":[{"start":{"line":68,"column":0},"end":{"line":70,"column":0}},{"start":{"line":68,"column":0},"end":{"line":70,"column":0}}]},"1":{"loc":{"start":{"line":68,"column":0},"end":{"line":null,"column":-1}},"type":"binary-expr","locations":[{"start":{"line":68,"column":0},"end":{"line":null,"column":-1}},{"start":{"line":68,"column":0},"end":{"line":null,"column":-1}}]},"2":{"loc":{"start":{"line":81,"column":0},"end":{"line":83,"column":0}},"type":"if","locations":[{"start":{"line":81,"column":0},"end":{"line":83,"column":0}},{"start":{"line":81,"column":0},"end":{"line":83,"column":0}}]}},"s":{"0":0,"1":0,"2":0,"3":0,"4":0,"5":0,"6":0,"7":0,"8":0,"9":0,"10":0,"11":0,"12":0,"13":0,"14":0},"f":{"0":0,"1":0,"2":0,"3":0,"4":0,"5":0},"b":{"0":[0,0],"1":[0,0],"2":[0,0]}}
,"D:\\project\\card-niu\\calf-ui\\src\\components\\toast\\toast.vue": {"path":"D:\\project\\card-niu\\calf-ui\\src\\components\\toast\\toast.vue","statementMap":{"0":{"start":{"line":13,"column":0},"end":{"line":null,"column":-1}},"1":{"start":{"line":14,"column":0},"end":{"line":null,"column":-1}},"2":{"start":{"line":16,"column":0},"end":{"line":null,"column":-1}},"3":{"start":{"line":17,"column":0},"end":{"line":null,"column":-1}},"4":{"start":{"line":18,"column":0},"end":{"line":null,"column":-1}},"5":{"start":{"line":24,"column":0},"end":{"line":null,"column":-1}},"6":{"start":{"line":41,"column":0},"end":{"line":43,"column":0}},"7":{"start":{"line":42,"column":0},"end":{"line":null,"column":-1}},"8":{"start":{"line":48,"column":0},"end":{"line":null,"column":-1}},"9":{"start":{"line":49,"column":0},"end":{"line":null,"column":-1}},"10":{"start":{"line":50,"column":0},"end":{"line":null,"column":-1}},"11":{"start":{"line":53,"column":0},"end":{"line":null,"column":-1}},"12":{"start":{"line":54,"column":0},"end":{"line":null,"column":-1}},"13":{"start":{"line":56,"column":0},"end":{"line":null,"column":-1}},"14":{"start":{"line":57,"column":0},"end":{"line":59,"column":0}},"15":{"start":{"line":58,"column":0},"end":{"line":null,"column":-1}}},"fnMap":{"0":{"name":"data","decl":{"start":{"line":23,"column":0},"end":{"line":null,"column":-1}},"loc":{"start":{"line":23,"column":0},"end":{"line":27,"column":0}}},"1":{"name":"isVisible","decl":{"start":{"line":40,"column":0},"end":{"line":null,"column":-1}},"loc":{"start":{"line":40,"column":0},"end":{"line":44,"column":0}}},"2":{"name":"close","decl":{"start":{"line":47,"column":0},"end":{"line":null,"column":-1}},"loc":{"start":{"line":47,"column":0},"end":{"line":51,"column":0}}},"3":{"name":"handleMaskClick","decl":{"start":{"line":52,"column":0},"end":{"line":null,"column":-1}},"loc":{"start":{"line":52,"column":0},"end":{"line":55,"column":0}}},"4":{"name":"initDurationEvent","decl":{"start":{"line":56,"column":0},"end":{"line":null,"column":-1}},"loc":{"start":{"line":56,"column":0},"end":{"line":60,"column":0}}},"5":{"name":"(anonymous_7)","decl":{"start":{"line":57,"column":0},"end":{"line":null,"column":-1}},"loc":{"start":{"line":57,"column":0},"end":{"line":59,"column":0}}},"6":{"name":"mounted","decl":{"start":{"line":63,"column":0},"end":{"line":null,"column":-1}},"loc":{"start":{"line":63,"column":0},"end":{"line":null,"column":-1}}}},"branchMap":{"0":{"loc":{"start":{"line":41,"column":0},"end":{"line":43,"column":0}},"type":"if","locations":[{"start":{"line":41,"column":0},"end":{"line":43,"column":0}},{"start":{"line":41,"column":0},"end":{"line":43,"column":0}}]},"1":{"loc":{"start":{"line":41,"column":0},"end":{"line":null,"column":-1}},"type":"binary-expr","locations":[{"start":{"line":41,"column":0},"end":{"line":null,"column":-1}},{"start":{"line":41,"column":0},"end":{"line":null,"column":-1}}]}},"s":{"0":0,"1":0,"2":0,"3":0,"4":0,"5":0,"6":0,"7":0,"8":0,"9":0,"10":0,"11":0,"12":0,"13":0,"14":0,"15":0},"f":{"0":0,"1":0,"2":0,"3":0,"4":0,"5":0,"6":0},"b":{"0":[0,0],"1":[0,0]}}
,"D:\\project\\card-niu\\calf-ui\\src\\modules\\button\\index.js": {"path":"D:\\project\\card-niu\\calf-ui\\src\\modules\\button\\index.js","statementMap":{"0":{"start":{"line":1,"column":0},"end":{"line":null,"column":-1}},"1":{"start":{"line":4,"column":2},"end":{"line":null,"column":-1}}},"fnMap":{"0":{"name":"(anonymous_1)","decl":{"start":{"line":3,"column":17},"end":{"line":3,"column":25}},"loc":{"start":{"line":3,"column":31},"end":{"line":3,"column":0}}}},"branchMap":{},"s":{"0":0,"1":0},"f":{"0":0},"b":{}}
,"D:\\project\\card-niu\\calf-ui\\src\\modules\\checkbox\\index.js": {"path":"D:\\project\\card-niu\\calf-ui\\src\\modules\\checkbox\\index.js","statementMap":{"0":{"start":{"line":1,"column":0},"end":{"line":null,"column":-1}},"1":{"start":{"line":4,"column":2},"end":{"line":null,"column":-1}}},"fnMap":{"0":{"name":"(anonymous_1)","decl":{"start":{"line":3,"column":19},"end":{"line":3,"column":27}},"loc":{"start":{"line":3,"column":33},"end":{"line":3,"column":0}}}},"branchMap":{},"s":{"0":0,"1":0},"f":{"0":0},"b":{}}
,"D:\\project\\card-niu\\calf-ui\\src\\modules\\dialog\\api.js": {"path":"D:\\project\\card-niu\\calf-ui\\src\\modules\\dialog\\api.js","statementMap":{"0":{"start":{"line":1,"column":0},"end":{"line":null,"column":-1}},"1":{"start":{"line":4,"column":2},"end":{"line":null,"column":-1}}},"fnMap":{"0":{"name":"addDialog","decl":{"start":{"line":3,"column":24},"end":{"line":3,"column":15}},"loc":{"start":{"line":3,"column":47},"end":{"line":5,"column":1}}}},"branchMap":{},"s":{"0":0,"1":0},"f":{"0":0},"b":{}}
,"D:\\project\\card-niu\\calf-ui\\src\\modules\\dialog\\index.js": {"path":"D:\\project\\card-niu\\calf-ui\\src\\modules\\dialog\\index.js","statementMap":{"0":{"start":{"line":1,"column":0},"end":{"line":null,"column":-1}},"1":{"start":{"line":2,"column":0},"end":{"line":null,"column":-1}},"2":{"start":{"line":5,"column":2},"end":{"line":null,"column":-1}},"3":{"start":{"line":6,"column":2},"end":{"line":null,"column":-1}}},"fnMap":{"0":{"name":"(anonymous_1)","decl":{"start":{"line":4,"column":17},"end":{"line":4,"column":25}},"loc":{"start":{"line":4,"column":31},"end":{"line":4,"column":0}}}},"branchMap":{},"s":{"0":0,"1":0,"2":0,"3":0},"f":{"0":0},"b":{}}
,"D:\\project\\card-niu\\calf-ui\\src\\modules\\input\\index.js": {"path":"D:\\project\\card-niu\\calf-ui\\src\\modules\\input\\index.js","statementMap":{"0":{"start":{"line":1,"column":0},"end":{"line":null,"column":-1}},"1":{"start":{"line":4,"column":2},"end":{"line":null,"column":-1}}},"fnMap":{"0":{"name":"(anonymous_1)","decl":{"start":{"line":3,"column":16},"end":{"line":3,"column":24}},"loc":{"start":{"line":3,"column":30},"end":{"line":3,"column":0}}}},"branchMap":{},"s":{"0":0,"1":0},"f":{"0":0},"b":{}}
,"D:\\project\\card-niu\\calf-ui\\src\\modules\\loading\\index.js": {"path":"D:\\project\\card-niu\\calf-ui\\src\\modules\\loading\\index.js","statementMap":{"0":{"start":{"line":1,"column":0},"end":{"line":null,"column":-1}},"1":{"start":{"line":4,"column":2},"end":{"line":null,"column":-1}}},"fnMap":{"0":{"name":"(anonymous_1)","decl":{"start":{"line":3,"column":18},"end":{"line":3,"column":26}},"loc":{"start":{"line":3,"column":32},"end":{"line":3,"column":0}}}},"branchMap":{},"s":{"0":0,"1":0},"f":{"0":0},"b":{}}
,"D:\\project\\card-niu\\calf-ui\\src\\modules\\popup\\api.js": {"path":"D:\\project\\card-niu\\calf-ui\\src\\modules\\popup\\api.js","statementMap":{"0":{"start":{"line":1,"column":0},"end":{"line":null,"column":-1}},"1":{"start":{"line":4,"column":2},"end":{"line":null,"column":-1}}},"fnMap":{"0":{"name":"addPopup","decl":{"start":{"line":3,"column":24},"end":{"line":3,"column":15}},"loc":{"start":{"line":3,"column":45},"end":{"line":5,"column":1}}}},"branchMap":{},"s":{"0":0,"1":0},"f":{"0":0},"b":{}}
,"D:\\project\\card-niu\\calf-ui\\src\\modules\\popup\\index.js": {"path":"D:\\project\\card-niu\\calf-ui\\src\\modules\\popup\\index.js","statementMap":{"0":{"start":{"line":1,"column":0},"end":{"line":null,"column":-1}},"1":{"start":{"line":2,"column":0},"end":{"line":null,"column":-1}},"2":{"start":{"line":5,"column":2},"end":{"line":null,"column":-1}},"3":{"start":{"line":6,"column":2},"end":{"line":null,"column":-1}}},"fnMap":{"0":{"name":"(anonymous_1)","decl":{"start":{"line":4,"column":16},"end":{"line":4,"column":24}},"loc":{"start":{"line":4,"column":30},"end":{"line":4,"column":0}}}},"branchMap":{},"s":{"0":0,"1":0,"2":0,"3":0},"f":{"0":0},"b":{}}
,"D:\\project\\card-niu\\calf-ui\\src\\modules\\switch\\index.js": {"path":"D:\\project\\card-niu\\calf-ui\\src\\modules\\switch\\index.js","statementMap":{"0":{"start":{"line":1,"column":0},"end":{"line":null,"column":-1}},"1":{"start":{"line":4,"column":2},"end":{"line":null,"column":-1}}},"fnMap":{"0":{"name":"(anonymous_1)","decl":{"start":{"line":3,"column":17},"end":{"line":3,"column":25}},"loc":{"start":{"line":3,"column":31},"end":{"line":3,"column":0}}}},"branchMap":{},"s":{"0":0,"1":0},"f":{"0":0},"b":{}}
,"D:\\project\\card-niu\\calf-ui\\src\\modules\\textarea\\index.js": {"path":"D:\\project\\card-niu\\calf-ui\\src\\modules\\textarea\\index.js","statementMap":{"0":{"start":{"line":1,"column":0},"end":{"line":null,"column":-1}},"1":{"start":{"line":4,"column":2},"end":{"line":null,"column":-1}}},"fnMap":{"0":{"name":"(anonymous_1)","decl":{"start":{"line":3,"column":19},"end":{"line":3,"column":27}},"loc":{"start":{"line":3,"column":33},"end":{"line":3,"column":0}}}},"branchMap":{},"s":{"0":0,"1":0},"f":{"0":0},"b":{}}
,"D:\\project\\card-niu\\calf-ui\\src\\modules\\toast\\api.js": {"path":"D:\\project\\card-niu\\calf-ui\\src\\modules\\toast\\api.js","statementMap":{"0":{"start":{"line":1,"column":0},"end":{"line":null,"column":-1}},"1":{"start":{"line":4,"column":2},"end":{"line":null,"column":-1}}},"fnMap":{"0":{"name":"addToast","decl":{"start":{"line":3,"column":24},"end":{"line":3,"column":15}},"loc":{"start":{"line":3,"column":45},"end":{"line":5,"column":1}}}},"branchMap":{},"s":{"0":0,"1":0},"f":{"0":0},"b":{}}
,"D:\\project\\card-niu\\calf-ui\\src\\modules\\toast\\index.js": {"path":"D:\\project\\card-niu\\calf-ui\\src\\modules\\toast\\index.js","statementMap":{"0":{"start":{"line":1,"column":0},"end":{"line":null,"column":-1}},"1":{"start":{"line":2,"column":0},"end":{"line":null,"column":-1}},"2":{"start":{"line":5,"column":2},"end":{"line":null,"column":-1}},"3":{"start":{"line":6,"column":2},"end":{"line":null,"column":-1}}},"fnMap":{"0":{"name":"(anonymous_1)","decl":{"start":{"line":4,"column":16},"end":{"line":4,"column":24}},"loc":{"start":{"line":4,"column":30},"end":{"line":4,"column":0}}}},"branchMap":{},"s":{"0":0,"1":0,"2":0,"3":0},"f":{"0":0},"b":{}}
}
